2026-01-12 23:47:21,072 - INFO - Используется устройство: cpu
2026-01-12 23:47:21,405 - INFO - ╔====================================================================╗
2026-01-12 23:47:21,406 - INFO - ║ Imperceptible Protected Video Generator v2.0                         ║
2026-01-12 23:47:21,406 - INFO - ║ Максимально незаметная защита от CV и ASR                            ║
2026-01-12 23:47:21,406 - INFO - ╚====================================================================╝

2026-01-12 23:47:21,408 - INFO - 
Доступные видео в папке:
2026-01-12 23:47:21,408 - INFO - ----------------------------------------------------------------------
2026-01-12 23:47:21,408 - INFO -  1 | 9571.mp4
2026-01-12 23:47:21,408 - INFO -  2 | 9571_temp_adv.avi
2026-01-12 23:47:21,408 - INFO -  3 | 9571_temp_adv.mp4
2026-01-12 23:47:21,409 - INFO - ----------------------------------------------------------------------
2026-01-12 23:47:41,680 - INFO - 
======================================================================
2026-01-12 23:47:41,680 - INFO - Запуск защиты видео
2026-01-12 23:47:41,680 - INFO - Файл: 9571.mp4
2026-01-12 23:47:41,680 - INFO - ======================================================================

2026-01-12 23:47:41,695 - INFO - 
=== Настройки обработки ===
Всего кадров в видео: 1001
2026-01-12 23:47:41,696 - INFO - 1. Применить ко всему видео
2026-01-12 23:47:41,696 - INFO - 2. Выбрать диапазон (от... до...)
2026-01-12 23:47:50,751 - INFO - 
Уровень маскировки звука:
2026-01-12 23:47:50,751 - INFO - 1. очень слабый
2026-01-12 23:47:50,751 - INFO - 2. слабый
2026-01-12 23:47:50,751 - INFO - 3. средний
2026-01-12 23:47:50,751 - INFO - 4. сильный
2026-01-12 23:47:52,269 - INFO - 
Частота применения шума (рекомендую '1' для устранения мерцания):
2026-01-12 23:47:52,269 - INFO - 1. Каждый кадр
2026-01-12 23:47:52,269 - INFO - 2. Каждый 5-й кадр
2026-01-12 23:47:52,269 - INFO - 3. Каждый 10-й кадр
2026-01-12 23:47:54,163 - INFO - ✓ Выбрано: кадры 1–313, уровень звука: слабый, шум каждые 1 кадров
2026-01-12 23:47:54,163 - INFO - 
[1/4] Обработка видео...
2026-01-12 23:47:54,172 - INFO - Параметры видео: 1001 кадров @ 30.0fps, 1080x1920
2026-01-12 23:49:14,488 - INFO - Обработано кадров: 1001, с шумом: 313
2026-01-12 23:49:14,497 - INFO - 
[2/4] Извлечение аудио...
2026-01-12 23:49:15,357 - INFO - Аудио извлечено → 9571_audio_orig.wav
2026-01-12 23:49:15,357 - INFO - 
[3/4] Маскировка аудио...
2026-01-12 23:49:18,098 - INFO - Аудио-маскировка уровня 'слабый' добавлена → 9571_audio_adv.wav
2026-01-12 23:49:18,100 - INFO - 
[4/4] Сборка финального видео...
2026-01-12 23:49:30,670 - INFO - ✓ Видео собрано → 9571_protected.mp4
2026-01-12 23:49:30,670 - INFO - 
Очистка временных файлов...
2026-01-12 23:49:30,963 - INFO - Удалена временная папка: 9571_temp_adv_1f
2026-01-12 23:49:30,965 - INFO - Временные файлы очищены
2026-01-12 23:49:30,965 - INFO - 
======================================================================
2026-01-12 23:49:30,965 - INFO - ✓ ГОТОВО! Обработано кадров: 1001, с шумом: 313
2026-01-12 23:49:30,966 - INFO - ✓ Конечный файл: 9571_protected.mp4
2026-01-12 23:49:30,966 - INFO - ======================================================================

2026-01-12 23:52:24,053 - INFO - 
Доступные видео в папке:
2026-01-12 23:52:24,053 - INFO - ----------------------------------------------------------------------
2026-01-12 23:52:24,053 - INFO -  1 | 9571.mp4
2026-01-12 23:52:24,053 - INFO -  2 | 9571_temp_adv.avi
2026-01-12 23:52:24,054 - INFO -  3 | 9571_temp_adv.mp4
2026-01-12 23:52:24,054 - INFO - ----------------------------------------------------------------------
2026-01-12 23:52:26,287 - INFO - 
Выход...
2026-01-12 23:52:31,514 - INFO - Используется устройство: cpu
2026-01-12 23:52:31,807 - INFO - ╔====================================================================╗
2026-01-12 23:52:31,807 - INFO - ║ Imperceptible Protected Video Generator v2.0                         ║
2026-01-12 23:52:31,807 - INFO - ║ Максимально незаметная защита от CV и ASR                            ║
2026-01-12 23:52:31,808 - INFO - ╚====================================================================╝

2026-01-12 23:52:31,809 - INFO - 
Доступные видео в папке:
2026-01-12 23:52:31,809 - INFO - ----------------------------------------------------------------------
2026-01-12 23:52:31,809 - INFO -  1 | 9571.mp4
2026-01-12 23:52:31,809 - INFO -  2 | 9571_temp_adv.avi
2026-01-12 23:52:31,809 - INFO -  3 | 9571_temp_adv.mp4
2026-01-12 23:52:31,810 - INFO - ----------------------------------------------------------------------
2026-01-12 23:52:37,831 - INFO - 
======================================================================
2026-01-12 23:52:37,831 - INFO - Запуск защиты видео
2026-01-12 23:52:37,832 - INFO - Файл: 9571.mp4
2026-01-12 23:52:37,832 - INFO - ======================================================================

2026-01-12 23:52:37,847 - INFO - 
=== Настройки обработки ===
Всего кадров в видео: 1001
2026-01-12 23:52:37,847 - INFO - 1. Применить ко всему видео
2026-01-12 23:52:37,847 - INFO - 2. Выбрать диапазон (от... до...)
2026-01-12 23:52:42,257 - INFO - 
Уровень маскировки звука:
2026-01-12 23:52:42,257 - INFO - 1. очень слабый
2026-01-12 23:52:42,257 - INFO - 2. слабый
2026-01-12 23:52:42,257 - INFO - 3. средний
2026-01-12 23:52:42,257 - INFO - 4. сильный
2026-01-12 23:52:48,395 - INFO - 
Частота применения шума (рекомендую '1' для устранения мерцания):
2026-01-12 23:52:48,395 - INFO - 1. Каждый кадр
2026-01-12 23:52:48,395 - INFO - 2. Каждый 5-й кадр
2026-01-12 23:52:48,395 - INFO - 3. Каждый 10-й кадр
2026-01-12 23:52:53,239 - INFO - ✓ Выбрано: кадры 1–1001, уровень звука: очень слабый, шум каждые 1 кадров
2026-01-12 23:52:53,240 - INFO - 
[1/4] Обработка видео...
2026-01-12 23:52:53,253 - INFO - Параметры видео: 1001 кадров @ 30.0fps, 1080x1920
2026-01-12 23:56:50,790 - INFO - Обработано кадров: 1001, с шумом: 1001
2026-01-12 23:56:50,801 - INFO - 
[2/4] Извлечение аудио...
2026-01-12 23:56:51,539 - INFO - Аудио извлечено → 9571_audio_orig.wav
2026-01-12 23:56:51,539 - INFO - 
[3/4] Маскировка аудио...
2026-01-12 23:56:54,947 - INFO - Аудио-маскировка уровня 'очень слабый' добавлена → 9571_audio_adv.wav
2026-01-12 23:56:54,950 - INFO - 
[4/4] Сборка финального видео...
2026-01-12 23:57:24,439 - INFO - ✓ Видео собрано → 9571_protected.mp4
2026-01-12 23:57:24,440 - INFO - 
Очистка временных файлов...
2026-01-12 23:57:24,663 - INFO - Удалена временная папка: 9571_temp_adv_1f
2026-01-12 23:57:24,664 - INFO - Временные файлы очищены
2026-01-12 23:57:24,665 - INFO - 
======================================================================
2026-01-12 23:57:24,665 - INFO - ✓ ГОТОВО! Обработано кадров: 1001, с шумом: 1001
2026-01-12 23:57:24,665 - INFO - ✓ Конечный файл: 9571_protected.mp4
2026-01-12 23:57:24,665 - INFO - ======================================================================

2026-01-13 00:03:22,909 - INFO - Спасибо за использование!
2026-01-13 00:03:31,185 - INFO - Используется устройство: cpu
2026-01-13 00:03:31,477 - INFO - ╔====================================================================╗
2026-01-13 00:03:31,477 - INFO - ║ Imperceptible Protected Video Generator v2.0                         ║
2026-01-13 00:03:31,477 - INFO - ║ Максимально незаметная защита от CV и ASR                            ║
2026-01-13 00:03:31,478 - INFO - ╚====================================================================╝

2026-01-13 00:03:31,479 - INFO - 
Доступные видео в папке:
2026-01-13 00:03:31,479 - INFO - ----------------------------------------------------------------------
2026-01-13 00:03:31,479 - INFO -  1 | 9571.mp4
2026-01-13 00:03:31,479 - INFO -  2 | 9571_temp_adv.avi
2026-01-13 00:03:31,479 - INFO -  3 | 9571_temp_adv.mp4
2026-01-13 00:03:31,479 - INFO - ----------------------------------------------------------------------
2026-01-13 00:03:33,702 - INFO - 
======================================================================
2026-01-13 00:03:33,702 - INFO - Запуск защиты видео
2026-01-13 00:03:33,702 - INFO - Файл: 9571.mp4
2026-01-13 00:03:33,703 - INFO - ======================================================================

2026-01-13 00:03:33,718 - INFO - 
=== Настройки обработки ===
Всего кадров в видео: 1001
2026-01-13 00:03:33,718 - INFO - 1. Применить ко всему видео
2026-01-13 00:03:33,718 - INFO - 2. Выбрать диапазон (от... до...)
2026-01-13 00:03:35,680 - INFO - 
Уровень маскировки звука:
2026-01-13 00:03:35,680 - INFO - 1. очень слабый
2026-01-13 00:03:35,680 - INFO - 2. слабый
2026-01-13 00:03:35,680 - INFO - 3. средний
2026-01-13 00:03:35,680 - INFO - 4. сильный
2026-01-13 00:03:38,545 - INFO - 
Частота применения шума (рекомендую '1' для устранения мерцания):
2026-01-13 00:03:38,545 - INFO - 1. Каждый кадр
2026-01-13 00:03:38,546 - INFO - 2. Каждый 5-й кадр
2026-01-13 00:03:38,546 - INFO - 3. Каждый 10-й кадр
2026-01-13 00:03:39,919 - INFO - ✓ Выбрано: кадры 1–1001, уровень звука: слабый, шум каждые 1 кадров
2026-01-13 00:03:39,919 - INFO - 
[1/4] Обработка видео...
2026-01-13 00:03:39,928 - INFO - Параметры видео: 1001 кадров @ 30.0fps, 1080x1920
2026-01-13 00:08:04,858 - INFO - Обработано кадров: 1001, с шумом: 1001
2026-01-13 00:08:04,869 - INFO - 
[2/4] Извлечение аудио...
2026-01-13 00:08:05,549 - INFO - Аудио извлечено → 9571_audio_orig.wav
2026-01-13 00:08:05,549 - INFO - 
[3/4] Маскировка аудио...
2026-01-13 00:08:07,809 - INFO - Аудио-маскировка уровня 'слабый' добавлена → 9571_audio_adv.wav
2026-01-13 00:08:07,810 - INFO - 
[4/4] Сборка финального видео...
2026-01-13 00:08:29,183 - INFO - ✓ Видео собрано → 9571_protected.mp4
2026-01-13 00:08:29,183 - INFO - 
Очистка временных файлов...
2026-01-13 00:08:29,459 - INFO - Удалена временная папка: 9571_temp_adv_1f
2026-01-13 00:08:29,460 - INFO - Временные файлы очищены
2026-01-13 00:08:29,460 - INFO - 
======================================================================
2026-01-13 00:08:29,460 - INFO - ✓ ГОТОВО! Обработано кадров: 1001, с шумом: 1001
2026-01-13 00:08:29,461 - INFO - ✓ Конечный файл: 9571_protected.mp4
2026-01-13 00:08:29,461 - INFO - ======================================================================

2026-01-13 00:10:16,007 - INFO - Спасибо за использование!
2026-01-13 00:10:22,815 - INFO - Используется устройство: cpu
2026-01-13 00:10:23,104 - INFO - ╔====================================================================╗
2026-01-13 00:10:23,104 - INFO - ║ Imperceptible Protected Video Generator v2.0                         ║
2026-01-13 00:10:23,104 - INFO - ║ Максимально незаметная защита от CV и ASR                            ║
2026-01-13 00:10:23,104 - INFO - ╚====================================================================╝

2026-01-13 00:10:23,106 - INFO - 
Доступные видео в папке:
2026-01-13 00:10:23,106 - INFO - ----------------------------------------------------------------------
2026-01-13 00:10:23,106 - INFO -  1 | 9571.mp4
2026-01-13 00:10:23,106 - INFO -  2 | 9571_temp_adv.avi
2026-01-13 00:10:23,106 - INFO -  3 | 9571_temp_adv.mp4
2026-01-13 00:10:23,106 - INFO - ----------------------------------------------------------------------
2026-01-13 00:10:25,502 - INFO - 
======================================================================
2026-01-13 00:10:25,502 - INFO - Запуск защиты видео
2026-01-13 00:10:25,502 - INFO - Файл: 9571.mp4
2026-01-13 00:10:25,502 - INFO - ======================================================================

2026-01-13 00:10:25,518 - INFO - 
=== Настройки обработки ===
Всего кадров в видео: 1001
2026-01-13 00:10:25,518 - INFO - 1. Применить ко всему видео
2026-01-13 00:10:25,518 - INFO - 2. Выбрать диапазон (от... до...)
2026-01-13 00:10:29,685 - INFO - 
Уровень маскировки звука:
2026-01-13 00:10:29,686 - INFO - 1. очень слабый
2026-01-13 00:10:29,686 - INFO - 2. слабый
2026-01-13 00:10:29,686 - INFO - 3. средний
2026-01-13 00:10:29,686 - INFO - 4. сильный
2026-01-13 00:10:32,321 - INFO - 
Частота применения шума (рекомендую '1' для устранения мерцания):
2026-01-13 00:10:32,321 - INFO - 1. Каждый кадр
2026-01-13 00:10:32,322 - INFO - 2. Каждый 5-й кадр
2026-01-13 00:10:32,322 - INFO - 3. Каждый 10-й кадр
2026-01-13 00:10:34,116 - INFO - ✓ Выбрано: кадры 1–1001, уровень звука: сильный, шум каждые 1 кадров
2026-01-13 00:10:34,116 - INFO - 
[1/4] Обработка видео...
2026-01-13 00:10:34,125 - INFO - Параметры видео: 1001 кадров @ 30.0fps, 1080x1920
2026-01-13 00:14:51,266 - INFO - Обработано кадров: 1001, с шумом: 1001
2026-01-13 00:14:51,308 - INFO - 
[2/4] Извлечение аудио...
2026-01-13 00:14:51,967 - INFO - Аудио извлечено → 9571_audio_orig.wav
2026-01-13 00:14:51,968 - INFO - 
[3/4] Маскировка аудио...
2026-01-13 00:14:55,293 - INFO - Аудио-маскировка уровня 'сильный' добавлена → 9571_audio_adv.wav
2026-01-13 00:14:55,294 - INFO - 
[4/4] Сборка финального видео...
2026-01-13 00:15:17,627 - INFO - ✓ Видео собрано → 9571_protected.mp4
2026-01-13 00:15:17,627 - INFO - 
Очистка временных файлов...
2026-01-13 00:15:17,919 - INFO - Удалена временная папка: 9571_temp_adv_1f
2026-01-13 00:15:17,920 - INFO - Временные файлы очищены
2026-01-13 00:15:17,920 - INFO - Удаление метаданных из видео...
2026-01-13 00:15:18,649 - INFO - ✓ Метаданные удалены из 9571_protected.mp4
2026-01-13 00:15:18,649 - INFO - 
======================================================================
2026-01-13 00:15:18,650 - INFO - ✓ ГОТОВО! Обработано кадров: 1001, с шумом: 1001
2026-01-13 00:15:18,650 - INFO - ✓ Конечный файл: 9571_protected.mp4
2026-01-13 00:15:18,650 - INFO - ======================================================================

2026-01-13 00:17:30,433 - INFO - Спасибо за использование!
2026-01-13 00:20:07,221 - INFO - Используется устройство: cpu
2026-01-13 00:20:07,514 - INFO - ╔====================================================================╗
2026-01-13 00:20:07,514 - INFO - ║ Imperceptible Protected Video Generator v2.0                         ║
2026-01-13 00:20:07,514 - INFO - ║ Максимально незаметная защита от CV и ASR                            ║
2026-01-13 00:20:07,514 - INFO - ╚====================================================================╝

2026-01-13 00:20:07,516 - INFO - 
Доступные видео в папке:
2026-01-13 00:20:07,516 - INFO - ----------------------------------------------------------------------
2026-01-13 00:20:07,516 - INFO -  1 | 9571.mp4
2026-01-13 00:20:07,516 - INFO -  2 | 9571_temp_adv.avi
2026-01-13 00:20:07,516 - INFO -  3 | 9571_temp_adv.mp4
2026-01-13 00:20:07,516 - INFO - ----------------------------------------------------------------------
2026-01-13 00:20:13,157 - INFO - 
Выход...
2026-01-13 00:20:32,455 - INFO - Используется устройство: cpu
2026-01-13 00:20:32,572 - INFO - ╔====================================================================╗
2026-01-13 00:20:32,572 - INFO - ║ Imperceptible Protected Video Generator v2.0                         ║
2026-01-13 00:20:32,572 - INFO - ║ Максимально незаметная защита от CV и ASR                            ║
2026-01-13 00:20:32,573 - INFO - ╚====================================================================╝

2026-01-13 00:20:32,574 - INFO - 
Доступные видео в папке:
2026-01-13 00:20:32,574 - INFO - ----------------------------------------------------------------------
2026-01-13 00:20:32,574 - INFO -  1 | 9571.mp4
2026-01-13 00:20:32,574 - INFO -  2 | 9571_temp_adv.avi
2026-01-13 00:20:32,574 - INFO -  3 | 9571_temp_adv.mp4
2026-01-13 00:20:32,575 - INFO -  4 | IMG_9864.mp4
2026-01-13 00:20:32,575 - INFO - ----------------------------------------------------------------------
2026-01-13 00:20:36,179 - INFO - 
======================================================================
2026-01-13 00:20:36,179 - INFO - Запуск защиты видео
2026-01-13 00:20:36,179 - INFO - Файл: IMG_9864.mp4
2026-01-13 00:20:36,179 - INFO - ======================================================================

2026-01-13 00:20:36,191 - INFO - 
=== Настройки обработки ===
Всего кадров в видео: 2086
2026-01-13 00:20:36,191 - INFO - 1. Применить ко всему видео
2026-01-13 00:20:36,191 - INFO - 2. Выбрать диапазон (от... до...)
2026-01-13 00:20:37,745 - INFO - 
Уровень маскировки звука:
2026-01-13 00:20:37,745 - INFO - 1. очень слабый
2026-01-13 00:20:37,745 - INFO - 2. слабый
2026-01-13 00:20:37,745 - INFO - 3. средний
2026-01-13 00:20:37,745 - INFO - 4. сильный
2026-01-13 00:20:39,822 - INFO - 
Частота применения шума (рекомендую '1' для устранения мерцания):
2026-01-13 00:20:39,822 - INFO - 1. Каждый кадр
2026-01-13 00:20:39,822 - INFO - 2. Каждый 5-й кадр
2026-01-13 00:20:39,822 - INFO - 3. Каждый 10-й кадр
2026-01-13 00:20:42,231 - INFO - ✓ Выбрано: кадры 1–2086, уровень звука: сильный, шум каждые 1 кадров
2026-01-13 00:20:42,232 - INFO - 
[1/4] Обработка видео...
2026-01-13 00:20:42,240 - INFO - Параметры видео: 2086 кадров @ 60.0fps, 1080x1920
2026-01-13 00:25:44,842 - INFO - 

Программа прервана пользователем.
2026-01-13 00:25:54,361 - INFO - Используется устройство: cpu
2026-01-13 00:25:54,487 - INFO - ✓ Модель ResNet18 загружена успешно
2026-01-13 00:26:56,287 - INFO - Используется устройство: cpu
2026-01-13 00:26:56,407 - INFO - ✓ Модель ResNet18 загружена успешно
2026-01-13 00:26:56,408 - INFO - Используется устройство: cpu
2026-01-13 00:26:56,534 - INFO - ✓ Модель ResNet18 загружена успешно
2026-01-13 00:26:56,534 - INFO - Используется устройство: cpu
2026-01-13 00:26:56,648 - INFO - ✓ Модель ResNet18 загружена успешно
2026-01-13 00:29:05,106 - INFO - Используется устройство: cpu
2026-01-13 00:29:05,224 - INFO - ✓ Модель ResNet18 загружена успешно
2026-01-13 00:29:05,225 - INFO - ╔====================================================================╗
2026-01-13 00:29:05,225 - INFO - ║ Imperceptible Protected Video Generator v2.0                         ║
2026-01-13 00:29:05,225 - INFO - ║ Максимально незаметная защита от CV и ASR                            ║
2026-01-13 00:29:05,225 - INFO - ╚====================================================================╝

2026-01-13 00:29:38,417 - WARNING - GPU недоступна, используем CPU
2026-01-13 00:29:38,417 - INFO - Используется устройство: cpu
2026-01-13 00:29:38,537 - INFO - ✓ Модель ResNet18 загружена успешно
2026-01-13 00:29:38,539 - INFO - 
Доступные видео в папке:
2026-01-13 00:29:38,539 - INFO - ----------------------------------------------------------------------
2026-01-13 00:29:38,539 - INFO -  1 | 9571.mp4
2026-01-13 00:29:38,540 - INFO -  2 | 9571_temp_adv.avi
2026-01-13 00:29:38,540 - INFO -  3 | 9571_temp_adv.mp4
2026-01-13 00:29:38,540 - INFO -  4 | IMG_9864.mp4
2026-01-13 00:29:38,540 - INFO - ----------------------------------------------------------------------
2026-01-13 00:29:41,313 - INFO - 
======================================================================
2026-01-13 00:29:41,313 - INFO - Запуск защиты видео
2026-01-13 00:29:41,313 - INFO - Файл: IMG_9864.mp4
2026-01-13 00:29:41,313 - INFO - ======================================================================

2026-01-13 00:29:41,325 - INFO - 
=== Настройки обработки ===
Всего кадров в видео: 2086
2026-01-13 00:29:41,325 - INFO - 1. Применить ко всему видео
2026-01-13 00:29:41,325 - INFO - 2. Выбрать диапазон (от... до...)
2026-01-13 00:29:43,275 - INFO - 
Уровень маскировки звука:
2026-01-13 00:29:43,276 - INFO - 1. очень слабый
2026-01-13 00:29:43,276 - INFO - 2. слабый
2026-01-13 00:29:43,276 - INFO - 3. средний
2026-01-13 00:29:43,276 - INFO - 4. сильный
2026-01-13 00:29:44,820 - INFO - 
Частота применения шума (рекомендую '1' для устранения мерцания):
2026-01-13 00:29:44,820 - INFO - 1. Каждый кадр
2026-01-13 00:29:44,820 - INFO - 2. Каждый 5-й кадр
2026-01-13 00:29:44,820 - INFO - 3. Каждый 10-й кадр
2026-01-13 00:29:46,293 - INFO - ✓ Выбрано: кадры 1–2086, уровень звука: сильный, шум каждые 1 кадров
2026-01-13 00:29:46,293 - INFO - 
[1/4] Обработка видео...
2026-01-13 00:29:46,302 - INFO - Параметры видео: 2086 кадров @ 60.0fps, 1080x1920
2026-01-13 00:38:46,950 - INFO - Обработано кадров: 2086, с шумом: 2086
2026-01-13 00:38:46,965 - INFO - 
[2/4] Извлечение аудио...
2026-01-13 00:38:47,758 - INFO - Аудио извлечено → IMG_9864_audio_orig.wav
2026-01-13 00:38:47,758 - INFO - 
[3/4] Маскировка аудио...
2026-01-13 00:38:51,278 - INFO - Аудио-маскировка уровня 'сильный' добавлена → IMG_9864_audio_adv.wav
2026-01-13 00:38:51,280 - INFO - 
[4/4] Сборка финального видео...
2026-01-13 00:39:30,844 - INFO - ✓ Видео собрано → IMG_9864_protected.mp4
2026-01-13 00:39:30,844 - INFO - 
Очистка временных файлов...
2026-01-13 00:39:31,491 - INFO - Удалена временная папка: IMG_9864_temp_adv_1f
2026-01-13 00:39:31,493 - INFO - Временные файлы очищены
2026-01-13 00:39:31,493 - INFO - Удаление метаданных из видео...
2026-01-13 00:39:32,300 - INFO - ✓ Метаданные удалены из IMG_9864_protected.mp4
2026-01-13 00:39:32,300 - INFO - 
======================================================================
2026-01-13 00:39:32,300 - INFO - ✓ ГОТОВО! Обработано кадров: 2086, с шумом: 2086
2026-01-13 00:39:32,300 - INFO - ✓ Конечный файл: IMG_9864_protected.mp4
2026-01-13 00:39:32,301 - INFO - ======================================================================

2026-01-13 00:40:54,495 - INFO - 

Программа прервана пользователем.
2026-01-13 00:41:37,375 - INFO - Используется устройство: cpu
2026-01-13 00:41:37,667 - INFO - ✓ Модель ResNet18 загружена успешно
2026-01-13 00:41:37,904 - INFO - 🎬 Используется GPU кодек: HEVC NVENC (самый быстрый)
2026-01-13 00:43:47,145 - INFO - Используется устройство: cpu
2026-01-13 00:43:47,264 - INFO - ✓ Модель ResNet18 загружена успешно
2026-01-13 00:43:47,265 - INFO - ╔====================================================================╗
2026-01-13 00:43:47,265 - INFO - ║ Imperceptible Protected Video Generator v2.0                         ║
2026-01-13 00:43:47,265 - INFO - ║ Максимально незаметная защита от CV и ASR                            ║
2026-01-13 00:43:47,265 - INFO - ╚====================================================================╝

2026-01-13 00:43:53,244 - WARNING - GPU недоступна, используем CPU
2026-01-13 00:43:53,244 - INFO - Используется устройство: cpu
2026-01-13 00:43:53,353 - INFO - ✓ Модель ResNet18 загружена успешно
2026-01-13 00:43:53,354 - INFO - 
Доступные видео в папке:
2026-01-13 00:43:53,355 - INFO - ----------------------------------------------------------------------
2026-01-13 00:43:53,355 - INFO -  1 | 9571.mp4
2026-01-13 00:43:53,355 - INFO -  2 | 9571_temp_adv.avi
2026-01-13 00:43:53,355 - INFO -  3 | 9571_temp_adv.mp4
2026-01-13 00:43:53,355 - INFO -  4 | IMG_9864.mp4
2026-01-13 00:43:53,355 - INFO - ----------------------------------------------------------------------
2026-01-13 00:43:56,911 - INFO - 
======================================================================
2026-01-13 00:43:56,911 - INFO - Запуск защиты видео
2026-01-13 00:43:56,911 - INFO - Файл: 9571.mp4
2026-01-13 00:43:56,911 - INFO - ======================================================================

2026-01-13 00:43:56,926 - INFO - 
=== Настройки обработки ===
Всего кадров в видео: 1001
2026-01-13 00:43:56,926 - INFO - 1. Применить ко всему видео
2026-01-13 00:43:56,927 - INFO - 2. Выбрать диапазон (от... до...)
2026-01-13 00:43:59,898 - INFO - 
Уровень маскировки звука:
2026-01-13 00:43:59,898 - INFO - 1. очень слабый
2026-01-13 00:43:59,898 - INFO - 2. слабый
2026-01-13 00:43:59,898 - INFO - 3. средний
2026-01-13 00:43:59,898 - INFO - 4. сильный
2026-01-13 00:44:01,688 - INFO - 
Частота применения шума (рекомендую '1' для устранения мерцания):
2026-01-13 00:44:01,688 - INFO - 1. Каждый кадр
2026-01-13 00:44:01,688 - INFO - 2. Каждый 5-й кадр
2026-01-13 00:44:01,688 - INFO - 3. Каждый 10-й кадр
2026-01-13 00:44:03,273 - INFO - ✓ Выбрано: кадры 1–1001, уровень звука: сильный, шум каждые 1 кадров
2026-01-13 00:44:03,273 - INFO - 
[1/4] Обработка видео...
2026-01-13 00:44:03,287 - INFO - Параметры видео: 1001 кадров @ 30.0fps, 1080x1920
2026-01-13 00:48:21,400 - INFO - Обработано кадров: 1001, с шумом: 1001
2026-01-13 00:48:21,410 - INFO - 
[2/4] Извлечение аудио...
2026-01-13 00:48:21,750 - INFO - Аудио извлечено → 9571_audio_orig.wav
2026-01-13 00:48:21,750 - INFO - 
[3/4] Маскировка аудио...
2026-01-13 00:48:24,026 - INFO - Аудио-маскировка уровня 'сильный' добавлена → 9571_audio_adv.wav
2026-01-13 00:48:24,028 - INFO - 
[4/4] Сборка финального видео (GPU кодирование)...
2026-01-13 00:48:24,255 - INFO - 🎬 Используется GPU кодек: HEVC NVENC (самый быстрый)
2026-01-13 00:48:33,922 - INFO - ✓ Видео собрано через hevc_nvenc → 9571_protected.mp4
2026-01-13 00:48:33,922 - INFO - 
Очистка временных файлов...
2026-01-13 00:48:34,210 - INFO - Удалена временная папка: 9571_temp_adv_1f
2026-01-13 00:48:34,211 - INFO - Временные файлы очищены
2026-01-13 00:48:34,212 - INFO - Удаление метаданных из видео...
2026-01-13 00:48:34,481 - INFO - ✓ Метаданные удалены из 9571_protected.mp4
2026-01-13 00:48:34,482 - INFO - 
======================================================================
2026-01-13 00:48:34,482 - INFO - ✓ ГОТОВО! Обработано кадров: 1001, с шумом: 1001
2026-01-13 00:48:34,482 - INFO - ✓ Конечный файл: 9571_protected.mp4
2026-01-13 00:48:34,482 - INFO - ======================================================================

2026-01-13 00:55:06,053 - INFO - 

Программа прервана пользователем.
2026-01-13 00:56:16,721 - INFO - Используется устройство: cpu
2026-01-13 00:56:16,842 - INFO - ✓ Модель ResNet18 загружена успешно
2026-01-13 00:56:16,843 - INFO - Используется устройство: cpu
2026-01-13 00:56:16,965 - INFO - ✓ Модель ResNet18 загружена успешно
2026-01-13 00:56:29,340 - INFO - Используется устройство: cpu
2026-01-13 00:56:29,461 - INFO - ✓ Модель ResNet18 загружена успешно
2026-01-13 00:56:29,462 - INFO - Используется устройство: cpu
2026-01-13 00:56:29,584 - INFO - ✓ Модель ResNet18 загружена успешно
2026-01-13 00:56:42,755 - INFO - Используется устройство: cpu
2026-01-13 00:56:42,875 - INFO - ✓ Модель ResNet18 загружена успешно
2026-01-13 00:56:42,875 - INFO - Используется устройство: cpu
2026-01-13 00:56:43,003 - INFO - ✓ Модель ResNet18 загружена успешно
2026-01-13 00:56:56,182 - INFO - Используется устройство: cpu
2026-01-13 00:56:56,302 - INFO - ✓ Модель ResNet18 загружена успешно
2026-01-13 00:58:31,953 - INFO - Используется устройство: cpu
2026-01-13 00:58:32,091 - INFO - ✓ Модель ResNet18 загружена успешно
2026-01-13 00:58:32,093 - INFO - Используется устройство: cpu
2026-01-13 00:58:32,234 - INFO - ✓ Модель ResNet18 загружена успешно
2026-01-13 00:58:53,295 - INFO - Используется устройство: cpu
2026-01-13 00:58:53,419 - INFO - ✓ Модель ResNet18 загружена успешно
2026-01-13 00:58:53,420 - INFO - ╔====================================================================╗
2026-01-13 00:58:53,420 - INFO - ║ Imperceptible Protected Video Generator v2.0                         ║
2026-01-13 00:58:53,420 - INFO - ║ Максимально незаметная защита от CV и ASR                            ║
2026-01-13 00:58:53,420 - INFO - ╚====================================================================╝

2026-01-13 00:58:56,862 - INFO - Используется устройство: cpu
2026-01-13 00:58:56,969 - INFO - ✓ Модель ResNet18 загружена успешно
2026-01-13 00:58:56,971 - INFO - 
Доступные видео в папке:
2026-01-13 00:58:56,971 - INFO - ----------------------------------------------------------------------
2026-01-13 00:58:56,971 - INFO -  1 | 9571.mp4
2026-01-13 00:58:56,972 - INFO -  2 | 9571_temp_adv.avi
2026-01-13 00:58:56,972 - INFO -  3 | 9571_temp_adv.mp4
2026-01-13 00:58:56,972 - INFO -  4 | IMG_9864.mp4
2026-01-13 00:58:56,972 - INFO - ----------------------------------------------------------------------
2026-01-13 00:58:59,336 - INFO - 
Выход...
2026-01-13 01:03:16,630 - INFO - Используется устройство: cpu
2026-01-13 01:03:16,752 - INFO - ✓ Модель ResNet18 загружена успешно
2026-01-13 01:03:16,754 - INFO - Используется устройство: cpu
2026-01-13 01:03:16,889 - INFO - ✓ Модель ResNet18 загружена успешно
2026-01-13 01:03:43,900 - INFO - Используется устройство: cpu
2026-01-13 01:03:44,025 - INFO - ✓ Модель ResNet18 загружена успешно
2026-01-13 01:03:44,025 - INFO - ╔====================================================================╗
2026-01-13 01:03:44,025 - INFO - ║ Imperceptible Protected Video Generator v2.0                         ║
2026-01-13 01:03:44,026 - INFO - ║ Максимально незаметная защита от CV и ASR                            ║
2026-01-13 01:03:44,026 - INFO - ╚====================================================================╝

2026-01-13 01:04:01,673 - INFO - Используется устройство: cpu
2026-01-13 01:04:01,781 - INFO - ✓ Модель ResNet18 загружена успешно
2026-01-13 01:04:01,783 - INFO - 
Доступные видео в папке:
2026-01-13 01:04:01,783 - INFO - ----------------------------------------------------------------------
2026-01-13 01:04:01,783 - INFO -  1 | 9571.mp4
2026-01-13 01:04:01,784 - INFO -  2 | 9571_temp_adv.avi
2026-01-13 01:04:01,784 - INFO -  3 | 9571_temp_adv.mp4
2026-01-13 01:04:01,784 - INFO -  4 | IMG_9517.MP4
2026-01-13 01:04:01,784 - INFO -  5 | IMG_9864.mp4
2026-01-13 01:04:01,784 - INFO - ----------------------------------------------------------------------
2026-01-13 01:04:06,117 - INFO - 
======================================================================
2026-01-13 01:04:06,118 - INFO - Запуск защиты видео
2026-01-13 01:04:06,118 - INFO - Файл: IMG_9517.MP4
2026-01-13 01:04:06,118 - INFO - ======================================================================

2026-01-13 01:04:06,130 - INFO - 
=== Настройки обработки ===
Всего кадров в видео: 1846
2026-01-13 01:04:06,130 - INFO - 1. Применить ко всему видео
2026-01-13 01:04:06,130 - INFO - 2. Выбрать диапазон (от... до...)
2026-01-13 01:04:08,991 - INFO - 
Уровень маскировки видео и звука:
2026-01-13 01:04:08,991 - INFO - 1. очень слабый
2026-01-13 01:04:08,991 - INFO - 2. слабый
2026-01-13 01:04:08,991 - INFO - 3. средний
2026-01-13 01:04:08,991 - INFO - 4. сильный
2026-01-13 01:04:13,434 - INFO - 
Частота применения шума (рекомендую '1' для устранения мерцания):
2026-01-13 01:04:13,434 - INFO - 1. Каждый кадр
2026-01-13 01:04:13,435 - INFO - 2. Каждый 5-й кадр
2026-01-13 01:04:13,435 - INFO - 3. Каждый 10-й кадр
2026-01-13 01:04:14,815 - INFO - ✓ Выбрано: кадры 1–1846, уровень маскировки: средний, шум каждые 1 кадров
2026-01-13 01:04:14,815 - INFO - 
[1/4] Обработка видео...
2026-01-13 01:04:14,823 - INFO - Параметры видео: 1846 кадров @ 60.0fps, 1080x1920
2026-01-13 01:13:49,552 - INFO - Обработано кадров: 1846, с шумом: 1846
2026-01-13 01:13:49,561 - INFO - 
[2/4] Извлечение аудио...
2026-01-13 01:13:50,285 - INFO - Аудио извлечено → IMG_9517_audio_orig.wav
2026-01-13 01:13:50,285 - INFO - 
[3/4] Маскировка аудио...
2026-01-13 01:13:52,603 - INFO - Аудио-маскировка уровня 'средний' добавлена → IMG_9517_audio_adv.wav
2026-01-13 01:13:52,604 - INFO - 
[4/4] Сборка финального видео (GPU кодирование)...
2026-01-13 01:13:52,832 - INFO - 🎬 Используется GPU кодек: HEVC NVENC (самый быстрый)
2026-01-13 01:14:09,887 - INFO - ✓ Видео собрано через hevc_nvenc → IMG_9517_protected.mp4
2026-01-13 01:14:09,888 - INFO - 
Очистка временных файлов...
2026-01-13 01:14:10,310 - INFO - Удалена временная папка: IMG_9517_temp_adv_1f
2026-01-13 01:14:10,311 - INFO - Временные файлы очищены
2026-01-13 01:14:10,312 - INFO - Удаление метаданных из видео...
2026-01-13 01:14:10,588 - INFO - ✓ Метаданные удалены из IMG_9517_protected.mp4
2026-01-13 01:14:10,588 - INFO - 
======================================================================
2026-01-13 01:14:10,588 - INFO - ✓ ГОТОВО! Обработано кадров: 1846, с шумом: 1846
2026-01-13 01:14:10,589 - INFO - ✓ Конечный файл: IMG_9517_protected.mp4
2026-01-13 01:14:10,589 - INFO - ======================================================================

2026-01-13 01:16:15,266 - INFO - Спасибо за использование!
2026-01-13 01:16:26,073 - INFO - Используется устройство: cpu
2026-01-13 01:16:26,197 - INFO - ✓ Модель ResNet18 загружена успешно
2026-01-13 01:16:26,198 - INFO - ╔====================================================================╗
2026-01-13 01:16:26,198 - INFO - ║ Imperceptible Protected Video Generator v2.0                         ║
2026-01-13 01:16:26,198 - INFO - ║ Максимально незаметная защита от CV и ASR                            ║
2026-01-13 01:16:26,198 - INFO - ╚====================================================================╝

2026-01-13 01:16:37,731 - INFO - Используется устройство: cpu
2026-01-13 01:16:37,838 - INFO - ✓ Модель ResNet18 загружена успешно
2026-01-13 01:16:37,841 - INFO - 
Доступные видео в папке:
2026-01-13 01:16:37,841 - INFO - ----------------------------------------------------------------------
2026-01-13 01:16:37,841 - INFO -  1 | 9571.mp4
2026-01-13 01:16:37,841 - INFO -  2 | 9571_temp_adv.avi
2026-01-13 01:16:37,841 - INFO -  3 | 9571_temp_adv.mp4
2026-01-13 01:16:37,842 - INFO -  4 | IMG_9517.MP4
2026-01-13 01:16:37,842 - INFO -  5 | IMG_9864.mp4
2026-01-13 01:16:37,842 - INFO - ----------------------------------------------------------------------
2026-01-13 01:16:46,061 - INFO - 
======================================================================
2026-01-13 01:16:46,062 - INFO - Запуск защиты видео
2026-01-13 01:16:46,062 - INFO - Файл: IMG_9517.MP4
2026-01-13 01:16:46,062 - INFO - ======================================================================

2026-01-13 01:16:46,073 - INFO - 
=== Настройки обработки ===
Всего кадров в видео: 1846
2026-01-13 01:16:46,074 - INFO - 1. Применить ко всему видео
2026-01-13 01:16:46,074 - INFO - 2. Выбрать диапазон (от... до...)
2026-01-13 01:16:47,682 - INFO - 
Уровень маскировки видео и звука:
2026-01-13 01:16:47,683 - INFO - 1. очень слабый
2026-01-13 01:16:47,683 - INFO - 2. слабый
2026-01-13 01:16:47,683 - INFO - 3. средний
2026-01-13 01:16:47,683 - INFO - 4. сильный
2026-01-13 01:16:52,411 - INFO - 
Частота применения шума (рекомендую '1' для устранения мерцания):
2026-01-13 01:16:52,411 - INFO - 1. Каждый кадр
2026-01-13 01:16:52,411 - INFO - 2. Каждый 5-й кадр
2026-01-13 01:16:52,411 - INFO - 3. Каждый 10-й кадр
2026-01-13 01:16:53,792 - INFO - ✓ Выбрано: кадры 1–1846, уровень маскировки: слабый, шум каждые 1 кадров
2026-01-13 01:16:53,792 - INFO - 
[1/4] Обработка видео...
2026-01-13 01:16:53,801 - INFO - Параметры видео: 1846 кадров @ 60.0fps, 1080x1920
2026-01-13 01:27:11,242 - INFO - Обработано кадров: 1846, с шумом: 1846
2026-01-13 01:27:11,252 - INFO - 
[2/4] Извлечение аудио...
2026-01-13 01:27:11,651 - INFO - Аудио извлечено → IMG_9517_audio_orig.wav
2026-01-13 01:27:11,652 - INFO - 
[3/4] Маскировка аудио...
2026-01-13 01:27:13,951 - INFO - Аудио-маскировка уровня 'слабый' добавлена → IMG_9517_audio_adv.wav
2026-01-13 01:27:13,952 - INFO - 
[4/4] Сборка финального видео (GPU кодирование)...
2026-01-13 01:27:14,181 - INFO - 🎬 Используется GPU кодек: HEVC NVENC (самый быстрый)
2026-01-13 01:27:33,851 - INFO - ✓ Видео собрано через hevc_nvenc → IMG_9517_protected.mp4
2026-01-13 01:27:33,851 - INFO - 
Очистка временных файлов...
2026-01-13 01:27:34,342 - INFO - Удалена временная папка: IMG_9517_temp_adv_1f
2026-01-13 01:27:34,344 - INFO - Временные файлы очищены
2026-01-13 01:27:34,344 - INFO - Удаление метаданных из видео...
2026-01-13 01:27:34,650 - INFO - ✓ Метаданные удалены из IMG_9517_protected.mp4
2026-01-13 01:27:34,650 - INFO - 
======================================================================
2026-01-13 01:27:34,650 - INFO - ✓ ГОТОВО! Обработано кадров: 1846, с шумом: 1846
2026-01-13 01:27:34,651 - INFO - ✓ Конечный файл: IMG_9517_protected.mp4
2026-01-13 01:27:34,651 - INFO - ======================================================================

2026-01-13 01:29:21,467 - INFO - 
Доступные видео в папке:
2026-01-13 01:29:21,467 - INFO - ----------------------------------------------------------------------
2026-01-13 01:29:21,467 - INFO -  1 | 9571.mp4
2026-01-13 01:29:21,467 - INFO -  2 | 9571_temp_adv.avi
2026-01-13 01:29:21,467 - INFO -  3 | 9571_temp_adv.mp4
2026-01-13 01:29:21,467 - INFO -  4 | IMG_9517.MP4
2026-01-13 01:29:21,467 - INFO -  5 | IMG_9864.mp4
2026-01-13 01:29:21,468 - INFO - ----------------------------------------------------------------------
2026-01-13 01:29:54,555 - INFO - 
======================================================================
2026-01-13 01:29:54,555 - INFO - Запуск защиты видео
2026-01-13 01:29:54,555 - INFO - Файл: IMG_9517.MP4
2026-01-13 01:29:54,555 - INFO - ======================================================================

2026-01-13 01:29:54,566 - INFO - 
=== Настройки обработки ===
Всего кадров в видео: 1846
2026-01-13 01:29:54,566 - INFO - 1. Применить ко всему видео
2026-01-13 01:29:54,566 - INFO - 2. Выбрать диапазон (от... до...)
2026-01-13 01:30:06,795 - INFO - 
Уровень маскировки видео и звука:
2026-01-13 01:30:06,796 - INFO - 1. очень слабый
2026-01-13 01:30:06,796 - INFO - 2. слабый
2026-01-13 01:30:06,796 - INFO - 3. средний
2026-01-13 01:30:06,796 - INFO - 4. сильный
2026-01-13 01:30:08,237 - INFO - 
Частота применения шума (рекомендую '1' для устранения мерцания):
2026-01-13 01:30:08,238 - INFO - 1. Каждый кадр
2026-01-13 01:30:08,238 - INFO - 2. Каждый 5-й кадр
2026-01-13 01:30:08,238 - INFO - 3. Каждый 10-й кадр
2026-01-13 01:30:27,109 - INFO - 

Программа прервана пользователем.
2026-01-13 01:30:32,229 - INFO - Используется устройство: cpu
2026-01-13 01:30:32,349 - INFO - ✓ Модель ResNet18 загружена успешно
2026-01-13 01:30:32,350 - INFO - ╔====================================================================╗
2026-01-13 01:30:32,350 - INFO - ║ Imperceptible Protected Video Generator v2.0                         ║
2026-01-13 01:30:32,350 - INFO - ║ Максимально незаметная защита от CV и ASR                            ║
2026-01-13 01:30:32,350 - INFO - ╚====================================================================╝

2026-01-13 01:30:36,175 - INFO - Используется устройство: cpu
2026-01-13 01:30:36,282 - INFO - ✓ Модель ResNet18 загружена успешно
2026-01-13 01:30:36,285 - INFO - 
Доступные видео в папке:
2026-01-13 01:30:36,285 - INFO - ----------------------------------------------------------------------
2026-01-13 01:30:36,285 - INFO -  1 | 9571.mp4
2026-01-13 01:30:36,285 - INFO -  2 | 9571_temp_adv.avi
2026-01-13 01:30:36,285 - INFO -  3 | 9571_temp_adv.mp4
2026-01-13 01:30:36,286 - INFO -  4 | IMG_9517.MP4
2026-01-13 01:30:36,286 - INFO -  5 | IMG_9864.mp4
2026-01-13 01:30:36,286 - INFO - ----------------------------------------------------------------------
2026-01-13 01:30:39,019 - INFO - 
======================================================================
2026-01-13 01:30:39,019 - INFO - Запуск защиты видео
2026-01-13 01:30:39,019 - INFO - Файл: IMG_9517.MP4
2026-01-13 01:30:39,019 - INFO - ======================================================================

2026-01-13 01:30:39,031 - INFO - 
=== Настройки обработки ===
Всего кадров в видео: 1846
2026-01-13 01:30:39,031 - INFO - 1. Применить ко всему видео
2026-01-13 01:30:39,031 - INFO - 2. Выбрать диапазон (от... до...)
2026-01-13 01:30:40,953 - INFO - 
Уровень маскировки видео и звука:
2026-01-13 01:30:40,953 - INFO - 1. очень слабый
2026-01-13 01:30:40,953 - INFO - 2. слабый
2026-01-13 01:30:40,953 - INFO - 3. средний
2026-01-13 01:30:40,953 - INFO - 4. сильный
2026-01-13 01:30:42,347 - INFO - 
Частота применения шума (рекомендую '1' для устранения мерцания):
2026-01-13 01:30:42,347 - INFO - 1. Каждый кадр
2026-01-13 01:30:42,347 - INFO - 2. Каждый 5-й кадр
2026-01-13 01:30:42,347 - INFO - 3. Каждый 10-й кадр
2026-01-13 01:30:43,700 - INFO - ✓ Выбрано: кадры 1–1846, уровень маскировки: очень слабый, шум каждые 5 кадров
2026-01-13 01:30:43,701 - INFO - 
[1/4] Обработка видео...
2026-01-13 01:30:43,708 - INFO - Параметры видео: 1846 кадров @ 60.0fps, 1080x1920
2026-01-13 01:34:00,210 - INFO - Обработано кадров: 1846, с шумом: 369
2026-01-13 01:34:00,221 - INFO - 
[2/4] Извлечение аудио...
2026-01-13 01:34:00,492 - INFO - Аудио извлечено → IMG_9517_audio_orig.wav
2026-01-13 01:34:00,492 - INFO - 
[3/4] Маскировка аудио...
2026-01-13 01:34:02,314 - INFO - Аудио-маскировка уровня 'очень слабый' добавлена → IMG_9517_audio_adv.wav
2026-01-13 01:34:02,316 - INFO - 
[4/4] Сборка финального видео (GPU кодирование)...
2026-01-13 01:34:02,540 - INFO - 🎬 Используется GPU кодек: HEVC NVENC (самый быстрый)
2026-01-13 01:34:19,219 - INFO - ✓ Видео собрано через hevc_nvenc → IMG_9517_protected.mp4
2026-01-13 01:34:19,219 - INFO - 
Очистка временных файлов...
2026-01-13 01:34:19,633 - INFO - Удалена временная папка: IMG_9517_temp_adv_5f
2026-01-13 01:34:19,634 - INFO - Временные файлы очищены
2026-01-13 01:34:19,634 - INFO - Удаление метаданных из видео...
2026-01-13 01:34:19,923 - INFO - ✓ Метаданные удалены из IMG_9517_protected.mp4
2026-01-13 01:34:19,923 - INFO - 
======================================================================
2026-01-13 01:34:19,924 - INFO - ✓ ГОТОВО! Обработано кадров: 1846, с шумом: 369
2026-01-13 01:34:19,924 - INFO - ✓ Конечный файл: IMG_9517_protected.mp4
2026-01-13 01:34:19,924 - INFO - ======================================================================

2026-01-13 09:13:31,970 - INFO - Используется устройство: cpu
2026-01-13 09:13:32,310 - INFO - ✓ Модель ResNet18 загружена успешно
2026-01-13 09:13:32,310 - INFO - ╔====================================================================╗
2026-01-13 09:13:32,310 - INFO - ║ Imperceptible Protected Video Generator v2.0                         ║
2026-01-13 09:13:32,311 - INFO - ║ Максимально незаметная защита от CV и ASR                            ║
2026-01-13 09:13:32,311 - INFO - ╚====================================================================╝

2026-01-13 09:29:33,326 - INFO - Используется устройство: cpu
2026-01-13 09:29:33,689 - INFO - ✓ Модель ResNet18 загружена успешно
2026-01-13 09:29:33,691 - INFO - Используется устройство: cpu
2026-01-13 09:29:33,823 - INFO - ✓ Модель ResNet18 загружена успешно
2026-01-13 09:32:39,391 - INFO - Используется устройство: cpu
2026-01-13 09:32:39,515 - INFO - ✓ Модель ResNet18 загружена успешно
2026-01-13 09:32:39,516 - INFO - Используется устройство: cpu
2026-01-13 09:32:39,652 - INFO - ✓ Модель ResNet18 загружена успешно
2026-01-13 09:34:38,600 - INFO - Используется устройство: cpu
2026-01-13 09:34:38,950 - INFO - ✓ Модель ResNet18 загружена успешно
2026-01-13 09:34:38,951 - INFO - ╔====================================================================╗
2026-01-13 09:34:38,951 - INFO - ║ Imperceptible Protected Video Generator v2.0                         ║
2026-01-13 09:34:38,951 - INFO - ║ Максимально незаметная защита от CV и ASR                            ║
2026-01-13 09:34:38,951 - INFO - ╚====================================================================╝

2026-01-13 09:35:00,706 - INFO - Используется устройство: cpu
2026-01-13 09:35:00,816 - INFO - ✓ Модель ResNet18 загружена успешно
2026-01-13 09:35:00,819 - INFO - 
Доступные видео в папке:
2026-01-13 09:35:00,819 - INFO - ----------------------------------------------------------------------
2026-01-13 09:35:00,819 - INFO -  1 | IMG_9517.MP4
2026-01-13 09:35:00,820 - INFO -  2 | IMG_9864.mp4
2026-01-13 09:35:00,820 - INFO - ----------------------------------------------------------------------
2026-01-13 09:35:26,003 - INFO - 
======================================================================
2026-01-13 09:35:26,004 - INFO - Запуск защиты видео
2026-01-13 09:35:26,004 - INFO - Файл: IMG_9517.MP4
2026-01-13 09:35:26,004 - INFO - ======================================================================

2026-01-13 09:35:26,126 - INFO - 
=== Настройки обработки ===
Всего кадров в видео: 1846
2026-01-13 09:35:26,126 - INFO - 1. Применить ко всему видео
2026-01-13 09:35:26,127 - INFO - 2. Выбрать диапазон (от... до...)
2026-01-13 09:35:28,430 - INFO - 
Уровень маскировки видео и звука:
2026-01-13 09:35:28,430 - INFO - 1. очень слабый
2026-01-13 09:35:28,431 - INFO - 2. слабый
2026-01-13 09:35:28,431 - INFO - 3. средний
2026-01-13 09:35:28,431 - INFO - 4. сильный
2026-01-13 09:35:30,554 - INFO - 
Частота применения шума (рекомендую '1' для устранения мерцания):
2026-01-13 09:35:30,554 - INFO - 1. Каждый кадр
2026-01-13 09:35:30,554 - INFO - 2. Каждый 5-й кадр
2026-01-13 09:35:30,555 - INFO - 3. Каждый 10-й кадр
2026-01-13 09:35:37,064 - INFO - ✓ Выбрано: кадры 1–1846, уровень маскировки: очень слабый, шум каждые 5 кадров
2026-01-13 09:35:37,065 - INFO - 
[1/4] Обработка видео...
2026-01-13 09:35:37,073 - INFO - Параметры видео: 1846 кадров @ 60.0fps, 1080x1920
2026-01-13 09:39:24,107 - INFO - Обработано кадров: 1846, с шумом: 369
2026-01-13 09:39:24,123 - INFO - 
[2/4] Извлечение аудио...
2026-01-13 09:39:25,021 - INFO - Аудио извлечено → IMG_9517_audio_orig.wav
2026-01-13 09:39:25,021 - INFO - 
[3/4] Маскировка аудио...
2026-01-13 09:39:47,396 - INFO - Аудио-маскировка уровня 'очень слабый' добавлена → IMG_9517_audio_adv.wav
2026-01-13 09:39:47,398 - INFO - 
[4/4] Сборка финального видео (GPU кодирование)...
2026-01-13 09:39:47,637 - INFO - 🎬 Используется GPU кодек: HEVC NVENC (самый быстрый)
2026-01-13 09:40:14,528 - INFO - ✓ Видео собрано через hevc_nvenc → IMG_9517_protected.mp4
2026-01-13 09:40:14,528 - INFO - 
Очистка временных файлов...
2026-01-13 09:40:15,140 - INFO - Удалена временная папка: IMG_9517_temp_adv_5f
2026-01-13 09:40:15,141 - INFO - Временные файлы очищены
2026-01-13 09:40:15,141 - INFO - Удаление метаданных из видео...
2026-01-13 09:40:15,896 - INFO - ✓ Метаданные удалены из IMG_9517_protected.mp4
2026-01-13 09:40:15,897 - INFO - 
======================================================================
2026-01-13 09:40:15,901 - INFO - ✓ ГОТОВО! Обработано кадров: 1846, с шумом: 369
2026-01-13 09:40:15,901 - INFO - ✓ Конечный файл: IMG_9517_protected.mp4
2026-01-13 09:40:15,902 - INFO - ======================================================================

2026-01-13 09:46:13,344 - INFO - Используется устройство: cpu
2026-01-13 09:46:13,674 - INFO - ✓ Модель ResNet18 загружена успешно
2026-01-13 09:46:13,676 - INFO - Используется устройство: cpu
2026-01-13 09:46:13,810 - INFO - ✓ Модель ResNet18 загружена успешно
2026-01-13 09:47:05,184 - INFO - Используется устройство: cpu
2026-01-13 09:47:05,306 - INFO - ✓ Модель ResNet18 загружена успешно
2026-01-13 09:47:05,306 - INFO - ╔====================================================================╗
2026-01-13 09:47:05,306 - INFO - ║ Imperceptible Protected Video Generator v2.0                         ║
2026-01-13 09:47:05,306 - INFO - ║ Максимально незаметная защита от CV и ASR                            ║
2026-01-13 09:47:05,307 - INFO - ╚====================================================================╝

2026-01-13 09:47:08,706 - INFO - Используется устройство: cpu
2026-01-13 09:47:08,812 - INFO - ✓ Модель ResNet18 загружена успешно
2026-01-13 09:47:08,815 - INFO - 
Доступные видео в папке:
2026-01-13 09:47:08,815 - INFO - ----------------------------------------------------------------------
2026-01-13 09:47:08,815 - INFO -  1 | IMG_9517.MP4
2026-01-13 09:47:08,815 - INFO -  2 | IMG_9864.mp4
2026-01-13 09:47:08,815 - INFO - ----------------------------------------------------------------------
2026-01-13 09:47:10,417 - INFO - 
======================================================================
2026-01-13 09:47:10,417 - INFO - Запуск защиты видео
2026-01-13 09:47:10,417 - INFO - Файл: IMG_9517.MP4
2026-01-13 09:47:10,417 - INFO - ======================================================================

2026-01-13 09:47:10,536 - INFO - 
=== Настройки обработки ===
Всего кадров в видео: 1846
2026-01-13 09:47:10,536 - INFO - 1. Применить ко всему видео
2026-01-13 09:47:10,536 - INFO - 2. Выбрать диапазон (от... до...)
2026-01-13 09:47:13,676 - INFO - 
Уровень маскировки видео и звука:
2026-01-13 09:47:13,676 - INFO - 1. очень слабый
2026-01-13 09:47:13,676 - INFO - 2. слабый
2026-01-13 09:47:13,676 - INFO - 3. средний
2026-01-13 09:47:13,676 - INFO - 4. сильный
2026-01-13 09:47:16,091 - INFO - 
Частота применения шума (рекомендую '1' для устранения мерцания):
2026-01-13 09:47:16,091 - INFO - 1. Каждый кадр
2026-01-13 09:47:16,091 - INFO - 2. Каждый 5-й кадр
2026-01-13 09:47:16,091 - INFO - 3. Каждый 10-й кадр
2026-01-13 09:47:17,188 - INFO - ✓ Выбрано: кадры 1–1846, уровень маскировки: очень слабый, шум каждые 1 кадров
2026-01-13 09:47:17,188 - INFO - 
[1/4] Обработка видео...
2026-01-13 09:47:17,196 - INFO - Параметры видео: 1846 кадров @ 60.0fps, 1080x1920
2026-01-13 09:59:41,070 - INFO - Обработано кадров: 1846, с шумом: 1846
2026-01-13 09:59:41,083 - INFO - 
[2/4] Извлечение аудио...
2026-01-13 09:59:41,740 - INFO - Аудио извлечено → IMG_9517_audio_orig.wav
2026-01-13 09:59:41,740 - INFO - 
[3/4] Маскировка аудио...
2026-01-13 09:59:51,160 - INFO - Аудио-маскировка уровня 'очень слабый' добавлена → IMG_9517_audio_adv.wav
2026-01-13 09:59:51,162 - INFO - 
[4/4] Сборка финального видео (GPU кодирование)...
2026-01-13 09:59:51,413 - INFO - 🎬 Используется GPU кодек: HEVC NVENC (самый быстрый)
2026-01-13 10:00:19,484 - INFO - ✓ Видео собрано через hevc_nvenc → IMG_9517_protected.mp4
2026-01-13 10:00:19,484 - INFO - 
Очистка временных файлов...
2026-01-13 10:00:20,069 - INFO - Удалена временная папка: IMG_9517_temp_adv_1f
2026-01-13 10:00:20,070 - INFO - Временные файлы очищены
2026-01-13 10:00:20,071 - INFO - Удаление метаданных из видео...
2026-01-13 10:00:20,842 - INFO - ✓ Метаданные удалены из IMG_9517_protected.mp4
2026-01-13 10:00:20,843 - INFO - 
======================================================================
2026-01-13 10:00:20,843 - INFO - ✓ ГОТОВО! Обработано кадров: 1846, с шумом: 1846
2026-01-13 10:00:20,843 - INFO - ✓ Конечный файл: IMG_9517_protected.mp4
2026-01-13 10:00:20,843 - INFO - ======================================================================

2026-01-13 10:11:44,782 - INFO - 

Программа прервана пользователем.
2026-01-13 10:26:19,418 - INFO - Используется устройство: cpu
2026-01-13 10:26:19,721 - INFO - ✓ Модель ResNet18 загружена успешно
2026-01-13 10:26:19,722 - INFO - ╔====================================================================╗
2026-01-13 10:26:19,722 - INFO - ║ Imperceptible Protected Video Generator v2.0                         ║
2026-01-13 10:26:19,722 - INFO - ║ Максимально незаметная защита от CV и ASR                            ║
2026-01-13 10:26:19,722 - INFO - ╚====================================================================╝

2026-01-13 10:26:43,142 - INFO - Используется устройство: cpu
2026-01-13 10:26:43,253 - INFO - ✓ Модель ResNet18 загружена успешно
2026-01-13 10:26:43,255 - INFO - 
Доступные видео в папке:
2026-01-13 10:26:43,256 - INFO - ----------------------------------------------------------------------
2026-01-13 10:26:43,256 - INFO -  1 | IMG_9517.MP4
2026-01-13 10:26:43,256 - INFO -  2 | IMG_9864.mp4
2026-01-13 10:26:43,256 - INFO - ----------------------------------------------------------------------
2026-01-13 10:27:30,014 - INFO - 
Выход...
2026-01-13 10:27:34,392 - INFO - Используется устройство: cpu
2026-01-13 10:27:34,527 - INFO - ✓ Модель ResNet18 загружена успешно
2026-01-13 10:27:34,528 - INFO - ╔====================================================================╗
2026-01-13 10:27:34,528 - INFO - ║ Imperceptible Protected Video Generator v2.0                         ║
2026-01-13 10:27:34,528 - INFO - ║ Максимально незаметная защита от CV и ASR                            ║
2026-01-13 10:27:34,528 - INFO - ╚====================================================================╝

2026-01-13 10:27:38,375 - INFO - Используется устройство: cpu
2026-01-13 10:27:38,483 - INFO - ✓ Модель ResNet18 загружена успешно
2026-01-13 10:27:38,486 - INFO - 
Доступные видео в папке:
2026-01-13 10:27:38,487 - INFO - ----------------------------------------------------------------------
2026-01-13 10:27:38,487 - INFO -  1 | 9323.MP4
2026-01-13 10:27:38,487 - INFO -  2 | IMG_9517.MP4
2026-01-13 10:27:38,487 - INFO -  3 | IMG_9864.mp4
2026-01-13 10:27:38,487 - INFO - ----------------------------------------------------------------------
2026-01-13 10:27:43,742 - INFO - 
======================================================================
2026-01-13 10:27:43,743 - INFO - Запуск защиты видео
2026-01-13 10:27:43,743 - INFO - Файл: 9323.MP4
2026-01-13 10:27:43,743 - INFO - ======================================================================

2026-01-13 10:28:20,962 - INFO - 
[1/3] Обработка видео (кодирование на GPU)...
2026-01-13 10:28:20,973 - INFO - Параметры видео: 525 кадров @ 30.0fps, 1080x1920
2026-01-13 10:31:37,318 - INFO - Обработано кадров: 525, с шумом: 525
2026-01-13 10:31:37,330 - INFO - 
[2/3] Обработка аудио...
2026-01-13 10:31:37,638 - INFO - Аудио извлечено → 9323_audio_orig.wav
2026-01-13 10:31:37,639 - INFO -      Применяю маскировку аудио уровня 'слабый'...
2026-01-13 10:31:40,153 - INFO - Аудио-маскировка уровня 'слабый' добавлена → 9323_audio_adv.wav
2026-01-13 10:31:40,154 - INFO - 
[3/3] Сборка видео через видеокарту...
2026-01-13 10:31:40,391 - INFO - 🎬 Используется GPU кодек: HEVC NVENC (самый быстрый)
2026-01-13 10:31:46,133 - INFO - ✓ Видео собрано через hevc_nvenc → 9323_protected.mp4
2026-01-13 10:31:46,133 - INFO - 
Очистка временных файлов...
2026-01-13 10:31:46,331 - INFO - Удалена временная папка: 9323_temp_adv_1f
2026-01-13 10:31:46,332 - INFO - Временные файлы очищены
2026-01-13 10:31:46,332 - INFO - Удаление метаданных из видео...
2026-01-13 10:31:46,577 - INFO - ✓ Метаданные удалены из 9323_protected.mp4
2026-01-13 10:31:46,577 - INFO - 
======================================================================
2026-01-13 10:31:46,578 - INFO - ✓ ГОТОВО! Обработано кадров: 525, с шумом: 525
2026-01-13 10:31:46,578 - INFO - ✓ Конечный файл: 9323_protected.mp4
2026-01-13 10:31:46,578 - INFO - ✓ Параметры: epsilon=0.07, strength_mult=1.0x
2026-01-13 10:31:46,578 - INFO - ======================================================================

2026-01-13 10:33:34,086 - INFO - 
Доступные видео в папке:
2026-01-13 10:33:34,086 - INFO - ----------------------------------------------------------------------
2026-01-13 10:33:34,086 - INFO -  1 | 9323.MP4
2026-01-13 10:33:34,086 - INFO -  2 | IMG_9517.MP4
2026-01-13 10:33:34,086 - INFO -  3 | IMG_9864.mp4
2026-01-13 10:33:34,087 - INFO - ----------------------------------------------------------------------
2026-01-13 10:33:36,317 - INFO - 
======================================================================
2026-01-13 10:33:36,318 - INFO - Запуск защиты видео
2026-01-13 10:33:36,318 - INFO - Файл: 9323.MP4
2026-01-13 10:33:36,318 - INFO - ======================================================================

2026-01-13 10:34:09,762 - INFO - 
[1/3] Обработка видео (кодирование на GPU)...
2026-01-13 10:34:09,775 - INFO - Параметры видео: 525 кадров @ 30.0fps, 1080x1920
2026-01-13 10:35:16,311 - INFO - Обработано кадров: 525, с шумом: 105
2026-01-13 10:35:16,323 - INFO - 
[2/3] Обработка аудио...
2026-01-13 10:35:16,602 - INFO - Аудио извлечено → 9323_audio_orig.wav
2026-01-13 10:35:16,602 - INFO -      Применяю маскировку аудио уровня 'средний'...
2026-01-13 10:35:16,651 - INFO - Аудио-маскировка уровня 'средний' добавлена → 9323_audio_adv.wav
2026-01-13 10:35:16,652 - INFO - 
[3/3] Сборка видео через видеокарту...
2026-01-13 10:35:16,894 - INFO - 🎬 Используется GPU кодек: HEVC NVENC (самый быстрый)
2026-01-13 10:35:22,552 - INFO - ✓ Видео собрано через hevc_nvenc → 9323_protected.mp4
2026-01-13 10:35:22,552 - INFO - 
Очистка временных файлов...
2026-01-13 10:35:22,703 - INFO - Удалена временная папка: 9323_temp_adv_5f
2026-01-13 10:35:22,704 - INFO - Временные файлы очищены
2026-01-13 10:35:22,704 - INFO - Удаление метаданных из видео...
2026-01-13 10:35:22,967 - INFO - ✓ Метаданные удалены из 9323_protected.mp4
2026-01-13 10:35:22,967 - INFO - 
======================================================================
2026-01-13 10:35:22,967 - INFO - ✓ ГОТОВО! Обработано кадров: 525, с шумом: 105
2026-01-13 10:35:22,968 - INFO - ✓ Конечный файл: 9323_protected.mp4
2026-01-13 10:35:22,968 - INFO - ✓ Параметры: epsilon=0.07, strength_mult=0.6x
2026-01-13 10:35:22,968 - INFO - ======================================================================

2026-01-13 11:18:34,153 - INFO - Спасибо за использование!
2026-01-13 11:18:41,862 - INFO - Используется устройство: cpu
2026-01-13 11:18:41,985 - INFO - ✓ Модель ResNet18 загружена успешно
2026-01-13 11:18:41,986 - INFO - ╔====================================================================╗
2026-01-13 11:18:41,986 - INFO - ║ Imperceptible Protected Video Generator v2.0                         ║
2026-01-13 11:18:41,986 - INFO - ║ Максимально незаметная защита от CV и ASR                            ║
2026-01-13 11:18:41,986 - INFO - ╚====================================================================╝

2026-01-13 11:18:51,933 - WARNING - GPU недоступна, используем CPU
2026-01-13 11:18:51,933 - INFO - Используется устройство: cpu
2026-01-13 11:18:52,039 - INFO - ✓ Модель ResNet18 загружена успешно
2026-01-13 11:18:52,042 - INFO - 
Доступные видео в папке:
2026-01-13 11:18:52,042 - INFO - ----------------------------------------------------------------------
2026-01-13 11:18:52,042 - INFO -  1 | 9323.MP4
2026-01-13 11:18:52,042 - INFO -  2 | 9569.mp4
2026-01-13 11:18:52,042 - INFO -  3 | IMG_9517.MP4
2026-01-13 11:18:52,043 - INFO -  4 | IMG_9864.mp4
2026-01-13 11:18:52,043 - INFO - ----------------------------------------------------------------------
2026-01-13 11:18:56,269 - INFO - 
======================================================================
2026-01-13 11:18:56,269 - INFO - Запуск защиты видео
2026-01-13 11:18:56,269 - INFO - Файл: 9569.mp4
2026-01-13 11:18:56,269 - INFO - ======================================================================

2026-01-13 11:19:27,184 - INFO - 
[1/3] Обработка видео (кодирование на GPU)...
2026-01-13 11:19:27,195 - INFO - Параметры видео: 970 кадров @ 30.0fps, 1080x1920
2026-01-13 11:21:31,910 - INFO - Обработано кадров: 970, с шумом: 194
2026-01-13 11:21:31,922 - INFO - 
[2/3] Обработка аудио...
2026-01-13 11:21:32,768 - INFO - Аудио извлечено → 9569_audio_orig.wav
2026-01-13 11:21:32,768 - INFO -      Применяю маскировку аудио уровня 'слабый'...
2026-01-13 11:21:36,441 - INFO - Аудио-маскировка уровня 'слабый' добавлена → 9569_audio_adv.wav
2026-01-13 11:21:36,443 - INFO - 
[3/3] Сборка видео через видеокарту...
2026-01-13 11:21:36,672 - INFO - 🎬 Используется GPU кодек: HEVC NVENC (самый быстрый)
2026-01-13 11:21:51,989 - INFO - ✓ Видео собрано через hevc_nvenc → 9569_protected.mp4
2026-01-13 11:21:51,989 - INFO - 
Очистка временных файлов...
2026-01-13 11:21:52,273 - INFO - Удалена временная папка: 9569_temp_adv_5f
2026-01-13 11:21:52,274 - INFO - Временные файлы очищены
2026-01-13 11:21:52,275 - INFO - Удаление метаданных из видео...
2026-01-13 11:21:52,935 - INFO - ✓ Метаданные удалены из 9569_protected.mp4
2026-01-13 11:21:52,935 - INFO - 
======================================================================
2026-01-13 11:21:52,935 - INFO - ✓ ГОТОВО! Обработано кадров: 970, с шумом: 194
2026-01-13 11:21:52,936 - INFO - ✓ Конечный файл: 9569_protected.mp4
2026-01-13 11:21:52,936 - INFO - ✓ Параметры: epsilon=0.04, strength_mult=1.0x
2026-01-13 11:21:52,936 - INFO - ======================================================================

2026-01-13 11:29:25,073 - INFO - 
Доступные видео в папке:
2026-01-13 11:29:25,073 - INFO - ----------------------------------------------------------------------
2026-01-13 11:29:25,073 - INFO -  1 | 9323.MP4
2026-01-13 11:29:25,073 - INFO -  2 | 9569.mp4
2026-01-13 11:29:25,073 - INFO -  3 | IMG_9517.MP4
2026-01-13 11:29:25,073 - INFO -  4 | IMG_9571.MP4
2026-01-13 11:29:25,073 - INFO -  5 | IMG_9864.mp4
2026-01-13 11:29:25,073 - INFO - ----------------------------------------------------------------------
2026-01-13 11:29:33,430 - INFO - 
======================================================================
2026-01-13 11:29:33,431 - INFO - Запуск защиты видео
2026-01-13 11:29:33,431 - INFO - Файл: IMG_9571.MP4
2026-01-13 11:29:33,431 - INFO - ======================================================================

2026-01-13 11:29:58,180 - INFO - 
[1/3] Обработка видео (кодирование на GPU)...
2026-01-13 11:29:58,190 - INFO - Параметры видео: 1001 кадров @ 30.0fps, 1080x1920
2026-01-13 11:31:26,340 - INFO - Обработано кадров: 1001, с шумом: 80
2026-01-13 11:31:26,353 - INFO - 
[2/3] Обработка аудио...
2026-01-13 11:31:27,057 - INFO - Аудио извлечено → IMG_9571_audio_orig.wav
2026-01-13 11:31:27,057 - INFO -      Применяю маскировку аудио уровня 'средний'...
2026-01-13 11:31:27,138 - INFO - Аудио-маскировка уровня 'средний' добавлена → IMG_9571_audio_adv.wav
2026-01-13 11:31:27,141 - INFO - 
[3/3] Сборка видео через видеокарту...
2026-01-13 11:31:27,418 - INFO - 🎬 Используется GPU кодек: HEVC NVENC (самый быстрый)
2026-01-13 11:31:44,078 - INFO - ✓ Видео собрано через hevc_nvenc → IMG_9571_protected.mp4
2026-01-13 11:31:44,079 - INFO - 
Очистка временных файлов...
2026-01-13 11:31:44,546 - INFO - Удалена временная папка: IMG_9571_temp_adv_5f
2026-01-13 11:31:44,548 - INFO - Временные файлы очищены
2026-01-13 11:31:44,548 - INFO - Удаление метаданных из видео...
2026-01-13 11:31:45,749 - INFO - ✓ Метаданные удалены из IMG_9571_protected.mp4
2026-01-13 11:31:45,750 - INFO - 
======================================================================
2026-01-13 11:31:45,750 - INFO - ✓ ГОТОВО! Обработано кадров: 1001, с шумом: 80
2026-01-13 11:31:45,750 - INFO - ✓ Конечный файл: IMG_9571_protected.mp4
2026-01-13 11:31:45,750 - INFO - ✓ Параметры: epsilon=0.07, strength_mult=1.0x
2026-01-13 11:31:45,750 - INFO - ======================================================================

2026-02-09 23:34:43,681 - INFO - Используется устройство: cpu
2026-02-09 23:34:44,192 - INFO - ✓ Модель ResNet18 загружена успешно
2026-02-09 23:34:44,193 - INFO - ╔====================================================================╗
2026-02-09 23:34:44,193 - INFO - ║ Imperceptible Protected Video Generator v2.0                         ║
2026-02-09 23:34:44,193 - INFO - ║ Максимально незаметная защита от CV и ASR                            ║
2026-02-09 23:34:44,193 - INFO - ╚====================================================================╝

2026-02-09 23:34:50,048 - WARNING - GPU недоступна, используем CPU
2026-02-09 23:34:50,048 - INFO - Используется устройство: cpu
2026-02-09 23:34:50,152 - INFO - ✓ Модель ResNet18 загружена успешно
2026-02-09 23:34:50,156 - INFO - 
Доступные видео в папке:
2026-02-09 23:34:50,156 - INFO - ----------------------------------------------------------------------
2026-02-09 23:34:50,156 - INFO -  1 | 9323.MP4
2026-02-09 23:34:50,156 - INFO -  2 | 9569.mp4
2026-02-09 23:34:50,156 - INFO -  3 | IMG_9517.MP4
2026-02-09 23:34:50,157 - INFO -  4 | IMG_9571.MP4
2026-02-09 23:34:50,157 - INFO -  5 | IMG_9864.mp4
2026-02-09 23:34:50,157 - INFO - ----------------------------------------------------------------------
2026-02-09 23:34:53,236 - INFO - 
Выход...
2026-02-09 23:35:53,318 - INFO - Используется устройство: cpu
2026-02-09 23:35:53,444 - INFO - ✓ Модель ResNet18 загружена успешно
2026-02-09 23:35:53,444 - INFO - ╔====================================================================╗
2026-02-09 23:35:53,444 - INFO - ║ Imperceptible Protected Video Generator v2.0                         ║
2026-02-09 23:35:53,445 - INFO - ║ Максимально незаметная защита от CV и ASR                            ║
2026-02-09 23:35:53,445 - INFO - ╚====================================================================╝

2026-02-09 23:35:55,731 - WARNING - GPU недоступна, используем CPU
2026-02-09 23:35:55,731 - INFO - Используется устройство: cpu
2026-02-09 23:35:55,836 - INFO - ✓ Модель ResNet18 загружена успешно
2026-02-09 23:35:55,839 - INFO - 
Доступные видео в папке:
2026-02-09 23:35:55,840 - INFO - ----------------------------------------------------------------------
2026-02-09 23:35:55,840 - INFO -  1 | IMG_0990.MP4
2026-02-09 23:35:55,840 - INFO - ----------------------------------------------------------------------
2026-02-09 23:35:57,265 - INFO - 
======================================================================
2026-02-09 23:35:57,265 - INFO - Запуск защиты видео
2026-02-09 23:35:57,265 - INFO - Файл: IMG_0990.MP4
2026-02-09 23:35:57,266 - INFO - ======================================================================

2026-02-09 23:36:08,017 - INFO - 
[1/3] Обработка видео (кодирование на GPU)...
2026-02-09 23:36:08,028 - INFO - Параметры видео: 1000 кадров @ 30.0fps, 1080x1920
2026-02-09 23:42:05,916 - INFO - Обработано кадров: 1000, с шумом: 1000
2026-02-09 23:42:05,929 - INFO - 
[2/3] Обработка аудио...
2026-02-09 23:42:07,425 - INFO - Аудио извлечено → IMG_0990_audio_orig.wav
2026-02-09 23:42:07,425 - INFO -      Применяю маскировку аудио уровня 'слабый'...
2026-02-09 23:42:15,179 - INFO - Аудио-маскировка уровня 'слабый' добавлена → IMG_0990_audio_adv.wav
2026-02-09 23:42:15,181 - INFO - 
[3/3] Сборка видео через видеокарту...
2026-02-09 23:42:15,411 - INFO - 🎬 Используется GPU кодек: HEVC NVENC (самый быстрый)
2026-02-09 23:42:31,061 - INFO - ✓ Видео собрано через hevc_nvenc → IMG_0990_protected.mp4
2026-02-09 23:42:31,062 - INFO - 
Очистка временных файлов...
2026-02-09 23:42:31,220 - INFO - Удалена временная папка: IMG_0990_temp_adv_1f
2026-02-09 23:42:31,221 - INFO - Временные файлы очищены
2026-02-09 23:42:31,221 - INFO - Удаление метаданных из видео...
2026-02-09 23:42:31,873 - INFO - ✓ Метаданные удалены из IMG_0990_protected.mp4
2026-02-09 23:42:31,873 - INFO - 
======================================================================
2026-02-09 23:42:31,874 - INFO - ✓ ГОТОВО! Обработано кадров: 1000, с шумом: 1000
2026-02-09 23:42:31,874 - INFO - ✓ Конечный файл: IMG_0990_protected.mp4
2026-02-09 23:42:31,874 - INFO - ✓ Параметры: epsilon=0.12, strength_mult=0.6x
2026-02-09 23:42:31,874 - INFO - ======================================================================

2026-02-10 11:24:16,360 - INFO - Используется устройство: cpu
2026-02-10 11:24:16,920 - INFO - ✓ Модель ResNet18 загружена успешно
2026-02-10 11:24:16,920 - INFO - ╔====================================================================╗
2026-02-10 11:24:16,920 - INFO - ║ Imperceptible Protected Video Generator v2.0                         ║
2026-02-10 11:24:16,920 - INFO - ║ Максимально незаметная защита от CV и ASR                            ║
2026-02-10 11:24:16,920 - INFO - ╚====================================================================╝

2026-02-10 11:25:48,926 - WARNING - GPU недоступна, используем CPU
2026-02-10 11:25:48,926 - INFO - Используется устройство: cpu
2026-02-10 11:25:49,030 - INFO - ✓ Модель ResNet18 загружена успешно
2026-02-10 11:25:49,034 - INFO - 
Доступные видео в папке:
2026-02-10 11:25:49,034 - INFO - ----------------------------------------------------------------------
2026-02-10 11:25:49,034 - INFO -  1 | IMG_0990.MP4
2026-02-10 11:25:49,035 - INFO -  2 | IMG_7720 (1).mp4
2026-02-10 11:25:49,035 - INFO - ----------------------------------------------------------------------
2026-02-10 11:25:51,183 - INFO - 
======================================================================
2026-02-10 11:25:51,184 - INFO - Запуск защиты видео
2026-02-10 11:25:51,184 - INFO - Файл: IMG_7720 (1).mp4
2026-02-10 11:25:51,184 - INFO - ======================================================================

2026-02-10 11:26:15,149 - INFO - 

Программа прервана пользователем.
2026-02-10 11:26:27,493 - INFO - Используется устройство: cpu
2026-02-10 11:26:27,608 - INFO - ✓ Модель ResNet18 загружена успешно
2026-02-10 11:26:27,609 - INFO - ╔====================================================================╗
2026-02-10 11:26:27,609 - INFO - ║ Imperceptible Protected Video Generator v2.0                         ║
2026-02-10 11:26:27,609 - INFO - ║ Максимально незаметная защита от CV и ASR                            ║
2026-02-10 11:26:27,609 - INFO - ╚====================================================================╝

2026-02-10 11:26:30,232 - WARNING - GPU недоступна, используем CPU
2026-02-10 11:26:30,232 - INFO - Используется устройство: cpu
2026-02-10 11:26:30,336 - INFO - ✓ Модель ResNet18 загружена успешно
2026-02-10 11:26:30,339 - INFO - 
Доступные видео в папке:
2026-02-10 11:26:30,339 - INFO - ----------------------------------------------------------------------
2026-02-10 11:26:30,340 - INFO -  1 | IMG_0990.MP4
2026-02-10 11:26:30,340 - INFO -  2 | IMG_7720 (1).mp4
2026-02-10 11:26:30,340 - INFO - ----------------------------------------------------------------------
2026-02-10 11:26:32,564 - INFO - 
======================================================================
2026-02-10 11:26:32,564 - INFO - Запуск защиты видео
2026-02-10 11:26:32,565 - INFO - Файл: IMG_7720 (1).mp4
2026-02-10 11:26:32,565 - INFO - ======================================================================

2026-02-10 11:26:41,841 - INFO - 
[1/3] Обработка видео (кодирование на GPU)...
2026-02-10 11:26:41,850 - INFO - Параметры видео: 983 кадров @ 30.0fps, 1080x1920
2026-02-10 11:32:57,086 - INFO - Обработано кадров: 983, с шумом: 983
2026-02-10 11:32:57,098 - INFO - 
[2/3] Обработка аудио...
2026-02-10 11:32:58,122 - INFO - Аудио извлечено → IMG_7720 (1)_audio_orig.wav
2026-02-10 11:32:58,123 - INFO -      Применяю маскировку аудио уровня 'средний'...
2026-02-10 11:33:05,629 - INFO - Аудио-маскировка уровня 'средний' добавлена → IMG_7720 (1)_audio_adv.wav
2026-02-10 11:33:05,631 - INFO - 
[3/3] Сборка видео через видеокарту...
2026-02-10 11:33:05,863 - INFO - 🎬 Используется GPU кодек: HEVC NVENC (самый быстрый)
2026-02-10 11:33:19,994 - INFO - ✓ Видео собрано через hevc_nvenc → IMG_7720 (1)_protected.mp4
2026-02-10 11:33:19,994 - INFO - 
Очистка временных файлов...
2026-02-10 11:33:20,198 - INFO - Удалена временная папка: IMG_7720 (1)_temp_adv_1f
2026-02-10 11:33:20,199 - INFO - Временные файлы очищены
2026-02-10 11:33:20,199 - INFO - Удаление метаданных из видео...
2026-02-10 11:33:20,808 - INFO - ✓ Метаданные удалены из IMG_7720 (1)_protected.mp4
2026-02-10 11:33:20,809 - INFO - 
======================================================================
2026-02-10 11:33:20,809 - INFO - ✓ ГОТОВО! Обработано кадров: 983, с шумом: 983
2026-02-10 11:33:20,810 - INFO - ✓ Конечный файл: IMG_7720 (1)_protected.mp4
2026-02-10 11:33:20,810 - INFO - ✓ Параметры: epsilon=0.12, strength_mult=1.0x
2026-02-10 11:33:20,810 - INFO - ======================================================================

2026-02-10 12:44:24,287 - INFO - Используется устройство: cpu
2026-02-10 12:44:24,611 - INFO - ✓ Модель ResNet18 загружена успешно
2026-02-10 12:44:24,611 - INFO - ╔====================================================================╗
2026-02-10 12:44:24,611 - INFO - ║ Imperceptible Protected Video Generator v2.0                         ║
2026-02-10 12:44:24,612 - INFO - ║ Максимально незаметная защита от CV и ASR                            ║
2026-02-10 12:44:24,612 - INFO - ╚====================================================================╝

2026-02-10 12:44:39,481 - WARNING - GPU недоступна, используем CPU
2026-02-10 12:44:39,481 - INFO - Используется устройство: cpu
2026-02-10 12:44:39,587 - INFO - ✓ Модель ResNet18 загружена успешно
2026-02-10 12:44:39,590 - INFO - 
Доступные видео в папке:
2026-02-10 12:44:39,590 - INFO - ----------------------------------------------------------------------
2026-02-10 12:44:39,591 - INFO -  1 | IMG_0988.MP4
2026-02-10 12:44:39,591 - INFO -  2 | IMG_0990.MP4
2026-02-10 12:44:39,591 - INFO -  3 | IMG_7720 (1).mp4
2026-02-10 12:44:39,591 - INFO - ----------------------------------------------------------------------
2026-02-10 12:44:43,891 - INFO - 
======================================================================
2026-02-10 12:44:43,892 - INFO - Запуск защиты видео
2026-02-10 12:44:43,892 - INFO - Файл: IMG_0988.MP4
2026-02-10 12:44:43,892 - INFO - ======================================================================

2026-02-10 12:44:56,531 - INFO - 
[1/3] Обработка видео (кодирование на GPU)...
2026-02-10 12:44:56,543 - INFO - Параметры видео: 982 кадров @ 30.0fps, 1080x1920
2026-02-10 12:51:43,188 - INFO - Обработано кадров: 982, с шумом: 982
2026-02-10 12:51:43,201 - INFO - 
[2/3] Обработка аудио...
2026-02-10 12:51:44,479 - INFO - Аудио извлечено → IMG_0988_audio_orig.wav
2026-02-10 12:51:44,479 - INFO -      Применяю маскировку аудио уровня 'слабый'...
2026-02-10 12:51:52,450 - INFO - Аудио-маскировка уровня 'слабый' добавлена → IMG_0988_audio_adv.wav
2026-02-10 12:51:52,452 - INFO - 
[3/3] Сборка видео через видеокарту...
2026-02-10 12:51:52,686 - INFO - 🎬 Используется GPU кодек: HEVC NVENC (самый быстрый)
2026-02-10 12:52:10,163 - INFO - ✓ Видео собрано через hevc_nvenc → IMG_0988_protected.mp4
2026-02-10 12:52:10,163 - INFO - 
Очистка временных файлов...
2026-02-10 12:52:10,345 - INFO - Удалена временная папка: IMG_0988_temp_adv_1f
2026-02-10 12:52:10,346 - INFO - Временные файлы очищены
2026-02-10 12:52:10,346 - INFO - Удаление метаданных из видео...
2026-02-10 12:52:10,948 - INFO - ✓ Метаданные удалены из IMG_0988_protected.mp4
2026-02-10 12:52:10,948 - INFO - 
======================================================================
2026-02-10 12:52:10,948 - INFO - ✓ ГОТОВО! Обработано кадров: 982, с шумом: 982
2026-02-10 12:52:10,949 - INFO - ✓ Конечный файл: IMG_0988_protected.mp4
2026-02-10 12:52:10,949 - INFO - ✓ Параметры: epsilon=0.12, strength_mult=1.0x
2026-02-10 12:52:10,949 - INFO - ======================================================================

2026-02-11 09:06:14,259 - INFO - Используется устройство: cpu
2026-02-11 09:06:14,598 - INFO - ✓ Модель ResNet18 загружена успешно
2026-02-11 09:06:14,599 - INFO - ╔====================================================================╗
2026-02-11 09:06:14,599 - INFO - ║ Imperceptible Protected Video Generator v2.0                         ║
2026-02-11 09:06:14,599 - INFO - ║ Максимально незаметная защита от CV и ASR                            ║
2026-02-11 09:06:14,599 - INFO - ╚====================================================================╝

2026-02-11 09:06:18,240 - WARNING - GPU недоступна, используем CPU
2026-02-11 09:06:18,241 - INFO - Используется устройство: cpu
2026-02-11 09:06:18,348 - INFO - ✓ Модель ResNet18 загружена успешно
2026-02-11 09:06:18,352 - INFO - 
Доступные видео в папке:
2026-02-11 09:06:18,352 - INFO - ----------------------------------------------------------------------
2026-02-11 09:06:18,352 - INFO -  1 | IMG_0988.MP4
2026-02-11 09:06:18,353 - INFO -  2 | IMG_0990.MP4
2026-02-11 09:06:18,353 - INFO -  3 | IMG_1035.MP4
2026-02-11 09:06:18,353 - INFO -  4 | IMG_1047.MP4
2026-02-11 09:06:18,354 - INFO -  5 | IMG_7720 (1).mp4
2026-02-11 09:06:18,354 - INFO - ----------------------------------------------------------------------
2026-02-11 09:06:22,856 - INFO - 
======================================================================
2026-02-11 09:06:22,857 - INFO - Запуск защиты видео
2026-02-11 09:06:22,857 - INFO - Файл: IMG_1035.MP4
2026-02-11 09:06:22,857 - INFO - ======================================================================

2026-02-11 09:06:36,292 - INFO - 
[1/3] Обработка видео (кодирование на GPU)...
2026-02-11 09:06:36,303 - INFO - Параметры видео: 667 кадров @ 30.0fps, 1080x1920
2026-02-11 09:10:26,006 - INFO - Обработано кадров: 667, с шумом: 667
2026-02-11 09:10:26,031 - INFO - 
[2/3] Обработка аудио...
2026-02-11 09:10:26,032 - ERROR - Ошибка извextraction аудио: [WinError 2] Не удается найти указанный файл
2026-02-11 09:10:26,048 - ERROR - 
❌ Критическая ошибка: [WinError 2] Не удается найти указанный файл
Traceback (most recent call last):
  File "C:\Users\User\Desktop\!\media_cleaner\media_cleaner.py", line 922, in process_imperceptible_protected_video
    extract_audio(input_path, temp_audio_orig)
  File "C:\Users\User\Desktop\!\media_cleaner\media_cleaner.py", line 736, in extract_audio
    result = subprocess.run([
             ^^^^^^^^^^^^^^^^
  File "C:\Users\User\AppData\Local\Programs\Python\Python312\Lib\subprocess.py", line 548, in run
    with Popen(*popenargs, **kwargs) as process:
         ^^^^^^^^^^^^^^^^^^^^^^^^^^^
  File "C:\Users\User\AppData\Local\Programs\Python\Python312\Lib\subprocess.py", line 1026, in __init__
    self._execute_child(args, executable, preexec_fn, close_fds,
  File "C:\Users\User\AppData\Local\Programs\Python\Python312\Lib\subprocess.py", line 1538, in _execute_child
    hp, ht, pid, tid = _winapi.CreateProcess(executable, args,
                       ^^^^^^^^^^^^^^^^^^^^^^^^^^^^^^^^^^^^^^^
FileNotFoundError: [WinError 2] Не удается найти указанный файл

2026-02-11 09:11:04,124 - INFO - Используется устройство: cpu
2026-02-11 09:11:04,238 - INFO - ✓ Модель ResNet18 загружена успешно
2026-02-11 09:11:04,238 - INFO - ╔====================================================================╗
2026-02-11 09:11:04,239 - INFO - ║ Imperceptible Protected Video Generator v2.0                         ║
2026-02-11 09:11:04,239 - INFO - ║ Максимально незаметная защита от CV и ASR                            ║
2026-02-11 09:11:04,239 - INFO - ╚====================================================================╝

2026-02-11 09:11:09,416 - WARNING - GPU недоступна, используем CPU
2026-02-11 09:11:09,417 - INFO - Используется устройство: cpu
2026-02-11 09:11:09,518 - INFO - ✓ Модель ResNet18 загружена успешно
2026-02-11 09:11:09,522 - INFO - 
Доступные видео в папке:
2026-02-11 09:11:09,522 - INFO - ----------------------------------------------------------------------
2026-02-11 09:11:09,523 - INFO -  1 | IMG_0988.MP4
2026-02-11 09:11:09,523 - INFO -  2 | IMG_0990.MP4
2026-02-11 09:11:09,523 - INFO -  3 | IMG_1035.MP4
2026-02-11 09:11:09,523 - INFO -  4 | IMG_1047.MP4
2026-02-11 09:11:09,524 - INFO -  5 | IMG_7720 (1).mp4
2026-02-11 09:11:09,524 - INFO - ----------------------------------------------------------------------
2026-02-11 09:11:14,072 - INFO - 
======================================================================
2026-02-11 09:11:14,073 - INFO - Запуск защиты видео
2026-02-11 09:11:14,074 - INFO - Файл: IMG_1035.MP4
2026-02-11 09:11:14,074 - INFO - ======================================================================

2026-02-11 09:11:27,112 - INFO - 
[1/3] Обработка видео (кодирование на GPU)...
2026-02-11 09:11:27,123 - INFO - Параметры видео: 667 кадров @ 30.0fps, 1080x1920
2026-02-11 09:12:33,123 - INFO - 

Программа прервана пользователем.
2026-02-11 09:12:54,805 - INFO - Используется устройство: cpu
2026-02-11 09:12:54,924 - INFO - ✓ Модель ResNet18 загружена успешно
2026-02-11 09:12:54,924 - INFO - ╔====================================================================╗
2026-02-11 09:12:54,924 - INFO - ║ Imperceptible Protected Video Generator v2.0                         ║
2026-02-11 09:12:54,924 - INFO - ║ Максимально незаметная защита от CV и ASR                            ║
2026-02-11 09:12:54,924 - INFO - ╚====================================================================╝

2026-02-11 09:13:59,288 - WARNING - GPU недоступна, используем CPU
2026-02-11 09:13:59,288 - INFO - Используется устройство: cpu
2026-02-11 09:13:59,391 - INFO - ✓ Модель ResNet18 загружена успешно
2026-02-11 09:13:59,395 - INFO - 
Доступные видео в папке:
2026-02-11 09:13:59,395 - INFO - ----------------------------------------------------------------------
2026-02-11 09:13:59,395 - INFO -  1 | IMG_0988.MP4
2026-02-11 09:13:59,395 - INFO -  2 | IMG_0990.MP4
2026-02-11 09:13:59,395 - INFO -  3 | IMG_1031.MP4
2026-02-11 09:13:59,396 - INFO -  4 | IMG_1035.MP4
2026-02-11 09:13:59,396 - INFO -  5 | IMG_1047.MP4
2026-02-11 09:13:59,396 - INFO -  6 | IMG_7720 (1).mp4
2026-02-11 09:13:59,396 - INFO - ----------------------------------------------------------------------
2026-02-11 09:14:10,792 - INFO - 
======================================================================
2026-02-11 09:14:10,792 - INFO - Запуск защиты видео
2026-02-11 09:14:10,793 - INFO - Файл: IMG_1031.MP4
2026-02-11 09:14:10,793 - INFO - ======================================================================

2026-02-11 09:14:45,522 - INFO - 
[1/3] Обработка видео (кодирование на GPU)...
2026-02-11 09:14:45,531 - INFO - Параметры видео: 673 кадров @ 30.0fps, 1080x1920
2026-02-11 09:18:23,110 - INFO - Обработано кадров: 673, с шумом: 673
2026-02-11 09:18:23,120 - INFO - 
[2/3] Обработка аудио...
2026-02-11 09:18:23,121 - ERROR - Ошибка извextraction аудио: [WinError 2] Не удается найти указанный файл
2026-02-11 09:18:23,123 - ERROR - 
❌ Критическая ошибка: [WinError 2] Не удается найти указанный файл
Traceback (most recent call last):
  File "C:\Users\User\Desktop\!\media_cleaner\media_cleaner.py", line 922, in process_imperceptible_protected_video
    extract_audio(input_path, temp_audio_orig)
  File "C:\Users\User\Desktop\!\media_cleaner\media_cleaner.py", line 736, in extract_audio
    result = subprocess.run([
             ^^^^^^^^^^^^^^^^
  File "C:\Users\User\AppData\Local\Programs\Python\Python312\Lib\subprocess.py", line 548, in run
    with Popen(*popenargs, **kwargs) as process:
         ^^^^^^^^^^^^^^^^^^^^^^^^^^^
  File "C:\Users\User\AppData\Local\Programs\Python\Python312\Lib\subprocess.py", line 1026, in __init__
    self._execute_child(args, executable, preexec_fn, close_fds,
  File "C:\Users\User\AppData\Local\Programs\Python\Python312\Lib\subprocess.py", line 1538, in _execute_child
    hp, ht, pid, tid = _winapi.CreateProcess(executable, args,
                       ^^^^^^^^^^^^^^^^^^^^^^^^^^^^^^^^^^^^^^^
FileNotFoundError: [WinError 2] Не удается найти указанный файл

2026-02-11 14:37:25,206 - INFO - Используется устройство: cpu
2026-02-11 14:37:25,558 - INFO - ✓ Модель ResNet18 загружена успешно
2026-02-11 14:37:25,558 - INFO - ╔====================================================================╗
2026-02-11 14:37:25,559 - INFO - ║ Imperceptible Protected Video Generator v2.0                         ║
2026-02-11 14:37:25,559 - INFO - ║ Максимально незаметная защита от CV и ASR                            ║
2026-02-11 14:37:25,559 - INFO - ╚====================================================================╝

2026-02-11 14:37:27,374 - WARNING - GPU недоступна, используем CPU
2026-02-11 14:37:27,375 - INFO - Используется устройство: cpu
2026-02-11 14:37:27,479 - INFO - ✓ Модель ResNet18 загружена успешно
2026-02-11 14:37:27,483 - INFO - 
Доступные видео в папке:
2026-02-11 14:37:27,483 - INFO - ----------------------------------------------------------------------
2026-02-11 14:37:27,483 - INFO -  1 | IMG_0988.MP4
2026-02-11 14:37:27,483 - INFO -  2 | IMG_0990.MP4
2026-02-11 14:37:27,483 - INFO -  3 | IMG_1031.MP4
2026-02-11 14:37:27,483 - INFO -  4 | IMG_1035.MP4
2026-02-11 14:37:27,484 - INFO -  5 | IMG_1047.MP4
2026-02-11 14:37:27,484 - INFO -  6 | IMG_7720 (1).mp4
2026-02-11 14:37:27,484 - INFO - ----------------------------------------------------------------------
2026-02-11 14:37:31,019 - INFO - 
======================================================================
2026-02-11 14:37:31,020 - INFO - Запуск защиты видео
2026-02-11 14:37:31,020 - INFO - Файл: IMG_1035.MP4
2026-02-11 14:37:31,020 - INFO - ======================================================================

2026-02-11 14:37:41,207 - INFO - 
[1/3] Обработка видео (кодирование на GPU)...
2026-02-11 14:37:41,218 - INFO - Параметры видео: 667 кадров @ 30.0fps, 1080x1920
2026-02-11 14:42:03,830 - INFO - Обработано кадров: 667, с шумом: 667
2026-02-11 14:42:03,846 - INFO - 
[2/3] Обработка аудио...
2026-02-11 14:42:03,847 - ERROR - Ошибка извextraction аудио: [WinError 2] Не удается найти указанный файл
2026-02-11 14:42:03,911 - ERROR - 
❌ Критическая ошибка: [WinError 2] Не удается найти указанный файл
Traceback (most recent call last):
  File "C:\Users\User\Desktop\!\media_cleaner\media_cleaner.py", line 922, in process_imperceptible_protected_video
    extract_audio(input_path, temp_audio_orig)
  File "C:\Users\User\Desktop\!\media_cleaner\media_cleaner.py", line 736, in extract_audio
    result = subprocess.run([
             ^^^^^^^^^^^^^^^^
  File "C:\Users\User\AppData\Local\Programs\Python\Python312\Lib\subprocess.py", line 548, in run
    with Popen(*popenargs, **kwargs) as process:
         ^^^^^^^^^^^^^^^^^^^^^^^^^^^
  File "C:\Users\User\AppData\Local\Programs\Python\Python312\Lib\subprocess.py", line 1026, in __init__
    self._execute_child(args, executable, preexec_fn, close_fds,
  File "C:\Users\User\AppData\Local\Programs\Python\Python312\Lib\subprocess.py", line 1538, in _execute_child
    hp, ht, pid, tid = _winapi.CreateProcess(executable, args,
                       ^^^^^^^^^^^^^^^^^^^^^^^^^^^^^^^^^^^^^^^
FileNotFoundError: [WinError 2] Не удается найти указанный файл

2026-02-11 15:43:56,368 - INFO - Используется устройство: cpu
2026-02-11 15:43:56,701 - INFO - ✓ Модель ResNet18 загружена успешно
2026-02-11 15:43:56,702 - INFO - ╔====================================================================╗
2026-02-11 15:43:56,702 - INFO - ║ Imperceptible Protected Video Generator v2.0                         ║
2026-02-11 15:43:56,702 - INFO - ║ Максимально незаметная защита от CV и ASR                            ║
2026-02-11 15:43:56,702 - INFO - ╚====================================================================╝

2026-02-11 15:53:41,589 - INFO - Используется устройство: cpu
2026-02-11 15:53:41,711 - INFO - ✓ Модель ResNet18 загружена успешно
2026-02-11 15:53:41,711 - INFO - ╔====================================================================╗
2026-02-11 15:53:41,711 - INFO - ║ Imperceptible Protected Video Generator v2.0                         ║
2026-02-11 15:53:41,712 - INFO - ║ Максимально незаметная защита от CV и ASR                            ║
2026-02-11 15:53:41,712 - INFO - ╚====================================================================╝

2026-02-11 15:54:57,266 - INFO - Используется устройство: cpu
2026-02-11 15:54:57,385 - INFO - ✓ Модель ResNet18 загружена успешно
2026-02-11 16:00:26,592 - INFO - Используется устройство: cpu
2026-02-11 16:00:26,943 - INFO - ✓ Модель ResNet18 загружена успешно
2026-02-11 16:04:41,523 - INFO - Используется устройство: cpu
2026-02-11 16:04:41,857 - INFO - ✓ Модель ResNet18 загружена успешно
2026-02-11 16:04:41,857 - INFO - ╔====================================================================╗
2026-02-11 16:04:41,858 - INFO - ║ Imperceptible Protected Video Generator v2.0                         ║
2026-02-11 16:04:41,858 - INFO - ║ Максимально незаметная защита от CV и ASR                            ║
2026-02-11 16:04:41,858 - INFO - ╚====================================================================╝

2026-02-11 16:06:36,175 - INFO - Используется устройство: cpu
2026-02-11 16:06:36,295 - INFO - ✓ Модель ResNet18 загружена успешно
2026-02-11 16:14:00,465 - INFO - Используется устройство: cpu
2026-02-11 16:14:00,828 - INFO - ✓ Модель ResNet18 загружена успешно
2026-02-11 16:17:14,559 - INFO - Используется устройство: cpu
2026-02-11 16:17:14,828 - INFO - ✓ Модель ResNet18 загружена успешно
2026-02-11 16:34:17,733 - INFO - Используется устройство: cpu
2026-02-11 16:34:18,057 - INFO - [OK] ResNet18 model loaded successfully
2026-02-11 16:52:02,541 - INFO - Используется устройство: cpu
2026-02-11 16:52:02,816 - INFO - [OK] ResNet18 model loaded successfully
2026-02-11 16:52:48,169 - INFO - Используется устройство: cpu
2026-02-11 16:52:48,301 - INFO - [OK] ResNet18 model loaded successfully
2026-02-11 16:53:09,302 - INFO - Используется устройство: cpu
2026-02-11 16:53:09,423 - INFO - [OK] ResNet18 model loaded successfully
2026-02-11 16:53:37,091 - INFO - Используется устройство: cpu
2026-02-11 16:53:37,236 - INFO - [OK] ResNet18 model loaded successfully
2026-02-11 16:53:43,343 - INFO - Используется устройство: cpu
2026-02-11 16:53:43,462 - INFO - [OK] ResNet18 model loaded successfully
2026-02-11 16:55:27,288 - INFO - Используется устройство: cpu
2026-02-11 16:55:27,637 - INFO - [OK] ResNet18 model loaded successfully
2026-02-11 23:13:10,753 - INFO - Используется устройство: cpu
2026-02-11 23:13:11,096 - INFO - [OK] ResNet18 model loaded successfully
2026-02-11 23:47:29,144 - INFO - Используется устройство: cpu
2026-02-11 23:47:29,443 - INFO - [OK] ResNet18 model loaded successfully
